# JRE version: Java(TM) SE Runtime Environment (8.0_05-b13) (build 1.8.0_05-b13)
# Java VM: Java HotSpot(TM) 64-Bit Server VM (25.5-b02 mixed mode windows-amd64 compressed oops)
Heap:
 def new generation   total 117504K, used 10680K [0x00000000a2400000, 0x00000000aa370000, 0x00000000c1800000)
  eden space 104512K,   1% used [0x00000000a2400000, 0x00000000a2560b60, 0x00000000a8a10000)
  from space 12992K,  71% used [0x00000000a8a10000, 0x00000000a931d888, 0x00000000a96c0000)
  to   space 12992K,   0% used [0x00000000a96c0000, 0x00000000a96c0000, 0x00000000aa370000)
 tenured generation   total 260864K, used 35268K [0x00000000c1800000, 0x00000000d16c0000, 0x0000000100000000)
   the space 260864K,  13% used [0x00000000c1800000, 0x00000000c3a71388, 0x00000000c3a71400, 0x00000000d16c0000)
 Metaspace       used 42603K, capacity 43180K, committed 43520K, reserved 1087488K
  class space    used 6219K, capacity 6348K, committed 6400K, reserved 1048576K
GC Heap History (10 events):
Event: 8.511 GC heap before
{Heap before GC invocations=156 (full 2):
 def new generation   total 117504K, used 113191K [0x00000000a2400000, 0x00000000aa370000, 0x00000000c1800000)
  eden space 104512K, 100% used [0x00000000a2400000, 0x00000000a8a10000, 0x00000000a8a10000)
  from space 12992K,  66% used [0x00000000a96c0000, 0x00000000a9f39d48, 0x00000000aa370000)
  to   space 12992K,   0% used [0x00000000a8a10000, 0x00000000a8a10000, 0x00000000a96c0000)
 tenured generation   total 260864K, used 34800K [0x00000000c1800000, 0x00000000d16c0000, 0x0000000100000000)
   the space 260864K,  13% used [0x00000000c1800000, 0x00000000c39fc268, 0x00000000c39fc400, 0x00000000d16c0000)
 Metaspace       used 37908K, capacity 38428K, committed 38784K, reserved 1083392K
  class space    used 5531K, capacity 5655K, committed 5760K, reserved 1048576K
Event: 8.538 GC heap after
Heap after GC invocations=157 (full 2):
 def new generation   total 117504K, used 8519K [0x00000000a2400000, 0x00000000aa370000, 0x00000000c1800000)
  eden space 104512K,   0% used [0x00000000a2400000, 0x00000000a2400000, 0x00000000a8a10000)
  from space 12992K,  65% used [0x00000000a8a10000, 0x00000000a9261cc0, 0x00000000a96c0000)
  to   space 12992K,   0% used [0x00000000a96c0000, 0x00000000a96c0000, 0x00000000aa370000)
 tenured generation   total 260864K, used 35046K [0x00000000c1800000, 0x00000000d16c0000, 0x0000000100000000)
   the space 260864K,  13% used [0x00000000c1800000, 0x00000000c3a399c0, 0x00000000c3a39a00, 0x00000000d16c0000)
 Metaspace       used 37908K, capacity 38428K, committed 38784K, reserved 1083392K
  class space    used 5531K, capacity 5655K, committed 5760K, reserved 1048576K
}
Event: 8.865 GC heap before
{Heap before GC invocations=157 (full 2):
 def new generation   total 117504K, used 113031K [0x00000000a2400000, 0x00000000aa370000, 0x00000000c1800000)
  eden space 104512K, 100% used [0x00000000a2400000, 0x00000000a8a10000, 0x00000000a8a10000)
  from space 12992K,  65% used [0x00000000a8a10000, 0x00000000a9261cc0, 0x00000000a96c0000)
  to   space 12992K,   0% used [0x00000000a96c0000, 0x00000000a96c0000, 0x00000000aa370000)
 tenured generation   total 260864K, used 35046K [0x00000000c1800000, 0x00000000d16c0000, 0x0000000100000000)
   the space 260864K,  13% used [0x00000000c1800000, 0x00000000c3a399c0, 0x00000000c3a39a00, 0x00000000d16c0000)
 Metaspace       used 38567K, capacity 39066K, committed 39296K, reserved 1083392K
  class space    used 5633K, capacity 5756K, committed 5760K, reserved 1048576K
Event: 8.869 GC heap after
Heap after GC invocations=158 (full 2):
 def new generation   total 117504K, used 1175K [0x00000000a2400000, 0x00000000aa370000, 0x00000000c1800000)
  eden space 104512K,   0% used [0x00000000a2400000, 0x00000000a2400000, 0x00000000a8a10000)
  from space 12992K,   9% used [0x00000000a96c0000, 0x00000000a97e5f90, 0x00000000aa370000)
  to   space 12992K,   0% used [0x00000000a8a10000, 0x00000000a8a10000, 0x00000000a96c0000)
 tenured generation   total 260864K, used 35268K [0x00000000c1800000, 0x00000000d16c0000, 0x0000000100000000)
   the space 260864K,  13% used [0x00000000c1800000, 0x00000000c3a71388, 0x00000000c3a71400, 0x00000000d16c0000)
 Metaspace       used 38567K, capacity 39066K, committed 39296K, reserved 1083392K
  class space    used 5633K, capacity 5756K, committed 5760K, reserved 1048576K
}
Event: 9.216 GC heap before
{Heap before GC invocations=158 (full 2):
 def new generation   total 117504K, used 105687K [0x00000000a2400000, 0x00000000aa370000, 0x00000000c1800000)
  eden space 104512K, 100% used [0x00000000a2400000, 0x00000000a8a10000, 0x00000000a8a10000)
  from space 12992K,   9% used [0x00000000a96c0000, 0x00000000a97e5f90, 0x00000000aa370000)
  to   space 12992K,   0% used [0x00000000a8a10000, 0x00000000a8a10000, 0x00000000a96c0000)
 tenured generation   total 260864K, used 35268K [0x00000000c1800000, 0x00000000d16c0000, 0x0000000100000000)
   the space 260864K,  13% used [0x00000000c1800000, 0x00000000c3a71388, 0x00000000c3a71400, 0x00000000d16c0000)
 Metaspace       used 38795K, capacity 39296K, committed 39680K, reserved 1083392K
  class space    used 5671K, capacity 5789K, committed 5888K, reserved 1048576K
Event: 9.221 GC heap after
Heap after GC invocations=159 (full 2):
 def new generation   total 117504K, used 1234K [0x00000000a2400000, 0x00000000aa370000, 0x00000000c1800000)
  eden space 104512K,   0% used [0x00000000a2400000, 0x00000000a2400000, 0x00000000a8a10000)
  from space 12992K,   9% used [0x00000000a8a10000, 0x00000000a8b449d8, 0x00000000a96c0000)
  to   space 12992K,   0% used [0x00000000a96c0000, 0x00000000a96c0000, 0x00000000aa370000)
 tenured generation   total 260864K, used 35268K [0x00000000c1800000, 0x00000000d16c0000, 0x0000000100000000)
   the space 260864K,  13% used [0x00000000c1800000, 0x00000000c3a71388, 0x00000000c3a71400, 0x00000000d16c0000)
 Metaspace       used 38795K, capacity 39296K, committed 39680K, reserved 1083392K
  class space    used 5671K, capacity 5789K, committed 5888K, reserved 1048576K
}
Event: 9.944 GC heap before
{Heap before GC invocations=159 (full 2):
 def new generation   total 117504K, used 105746K [0x00000000a2400000, 0x00000000aa370000, 0x00000000c1800000)
  eden space 104512K, 100% used [0x00000000a2400000, 0x00000000a8a10000, 0x00000000a8a10000)
  from space 12992K,   9% used [0x00000000a8a10000, 0x00000000a8b449d8, 0x00000000a96c0000)
  to   space 12992K,   0% used [0x00000000a96c0000, 0x00000000a96c0000, 0x00000000aa370000)
 tenured generation   total 260864K, used 35268K [0x00000000c1800000, 0x00000000d16c0000, 0x0000000100000000)
   the space 260864K,  13% used [0x00000000c1800000, 0x00000000c3a71388, 0x00000000c3a71400, 0x00000000d16c0000)
 Metaspace       used 41501K, capacity 41994K, committed 42368K, reserved 1085440K
  class space    used 6038K, capacity 6151K, committed 6272K, reserved 1048576K
Event: 9.953 GC heap after
Heap after GC invocations=160 (full 2):
 def new generation   total 117504K, used 4460K [0x00000000a2400000, 0x00000000aa370000, 0x00000000c1800000)
  eden space 104512K,   0% used [0x00000000a2400000, 0x00000000a2400000, 0x00000000a8a10000)
  from space 12992K,  34% used [0x00000000a96c0000, 0x00000000a9b1b0a0, 0x00000000aa370000)
  to   space 12992K,   0% used [0x00000000a8a10000, 0x00000000a8a10000, 0x00000000a96c0000)
 tenured generation   total 260864K, used 35268K [0x00000000c1800000, 0x00000000d16c0000, 0x0000000100000000)
   the space 260864K,  13% used [0x00000000c1800000, 0x00000000c3a71388, 0x00000000c3a71400, 0x00000000d16c0000)
 Metaspace       used 41501K, capacity 41994K, committed 42368K, reserved 1085440K
  class space    used 6038K, capacity 6151K, committed 6272K, reserved 1048576K
}
Event: 10.930 GC heap before
{Heap before GC invocations=160 (full 2):
 def new generation   total 117504K, used 108972K [0x00000000a2400000, 0x00000000aa370000, 0x00000000c1800000)
  eden space 104512K, 100% used [0x00000000a2400000, 0x00000000a8a10000, 0x00000000a8a10000)
  from space 12992K,  34% used [0x00000000a96c0000, 0x00000000a9b1b0a0, 0x00000000aa370000)
  to   space 12992K,   0% used [0x00000000a8a10000, 0x00000000a8a10000, 0x00000000a96c0000)
 tenured generation   total 260864K, used 35268K [0x00000000c1800000, 0x00000000d16c0000, 0x0000000100000000)
   the space 260864K,  13% used [0x00000000c1800000, 0x00000000c3a71388, 0x00000000c3a71400, 0x00000000d16c0000)
 Metaspace       used 42361K, capacity 42924K, committed 43264K, reserved 1085440K
  class space    used 6148K, capacity 6284K, committed 6400K, reserved 1048576K
Event: 10.942 GC heap after
Heap after GC invocations=161 (full 2):
 def new generation   total 117504K, used 9270K [0x00000000a2400000, 0x00000000aa370000, 0x00000000c1800000)
  eden space 104512K,   0% used [0x00000000a2400000, 0x00000000a2400000, 0x00000000a8a10000)
  from space 12992K,  71% used [0x00000000a8a10000, 0x00000000a931d888, 0x00000000a96c0000)
  to   space 12992K,   0% used [0x00000000a96c0000, 0x00000000a96c0000, 0x00000000aa370000)
 tenured generation   total 260864K, used 35268K [0x00000000c1800000, 0x00000000d16c0000, 0x0000000100000000)
   the space 260864K,  13% used [0x00000000c1800000, 0x00000000c3a71388, 0x00000000c3a71400, 0x00000000d16c0000)
 Metaspace       used 42361K, capacity 42924K, committed 43264K, reserved 1085440K
  class space    used 6148K, capacity 6284K, committed 6400K, reserved 1048576K
}

