# JRE version: Java(TM) SE Runtime Environment (8.0_05-b13) (build 1.8.0_05-b13)
# Java VM: Java HotSpot(TM) 64-Bit Server VM (25.5-b02 mixed mode windows-amd64 compressed oops)
Heap:
 def new generation   total 117504K, used 30758K [0x00000000a2400000, 0x00000000aa370000, 0x00000000c1800000)
  eden space 104512K,  21% used [0x00000000a2400000, 0x00000000a3a56000, 0x00000000a8a10000)
  from space 12992K,  60% used [0x00000000a8a10000, 0x00000000a91c3bc0, 0x00000000a96c0000)
  to   space 12992K,   0% used [0x00000000a96c0000, 0x00000000a96c0000, 0x00000000aa370000)
 tenured generation   total 260864K, used 35834K [0x00000000c1800000, 0x00000000d16c0000, 0x0000000100000000)
   the space 260864K,  13% used [0x00000000c1800000, 0x00000000c3afe9c8, 0x00000000c3afea00, 0x00000000d16c0000)
 Metaspace       used 42722K, capacity 43300K, committed 43520K, reserved 1087488K
  class space    used 6229K, capacity 6348K, committed 6400K, reserved 1048576K
GC Heap History (10 events):
Event: 9.264 GC heap before
{Heap before GC invocations=146 (full 2):
 def new generation   total 117504K, used 113170K [0x00000000a2400000, 0x00000000aa370000, 0x00000000c1800000)
  eden space 104512K, 100% used [0x00000000a2400000, 0x00000000a8a10000, 0x00000000a8a10000)
  from space 12992K,  66% used [0x00000000a96c0000, 0x00000000a9f34958, 0x00000000aa370000)
  to   space 12992K,   0% used [0x00000000a8a10000, 0x00000000a8a10000, 0x00000000a96c0000)
 tenured generation   total 260864K, used 35396K [0x00000000c1800000, 0x00000000d16c0000, 0x0000000100000000)
   the space 260864K,  13% used [0x00000000c1800000, 0x00000000c3a91268, 0x00000000c3a91400, 0x00000000d16c0000)
 Metaspace       used 38006K, capacity 38484K, committed 38784K, reserved 1083392K
  class space    used 5535K, capacity 5655K, committed 5760K, reserved 1048576K
Event: 9.285 GC heap after
Heap after GC invocations=147 (full 2):
 def new generation   total 117504K, used 8611K [0x00000000a2400000, 0x00000000aa370000, 0x00000000c1800000)
  eden space 104512K,   0% used [0x00000000a2400000, 0x00000000a2400000, 0x00000000a8a10000)
  from space 12992K,  66% used [0x00000000a8a10000, 0x00000000a9278cb0, 0x00000000a96c0000)
  to   space 12992K,   0% used [0x00000000a96c0000, 0x00000000a96c0000, 0x00000000aa370000)
 tenured generation   total 260864K, used 35626K [0x00000000c1800000, 0x00000000d16c0000, 0x0000000100000000)
   the space 260864K,  13% used [0x00000000c1800000, 0x00000000c3aca948, 0x00000000c3acaa00, 0x00000000d16c0000)
 Metaspace       used 38006K, capacity 38484K, committed 38784K, reserved 1083392K
  class space    used 5535K, capacity 5655K, committed 5760K, reserved 1048576K
}
Event: 9.664 GC heap before
{Heap before GC invocations=147 (full 2):
 def new generation   total 117504K, used 113123K [0x00000000a2400000, 0x00000000aa370000, 0x00000000c1800000)
  eden space 104512K, 100% used [0x00000000a2400000, 0x00000000a8a10000, 0x00000000a8a10000)
  from space 12992K,  66% used [0x00000000a8a10000, 0x00000000a9278cb0, 0x00000000a96c0000)
  to   space 12992K,   0% used [0x00000000a96c0000, 0x00000000a96c0000, 0x00000000aa370000)
 tenured generation   total 260864K, used 35626K [0x00000000c1800000, 0x00000000d16c0000, 0x0000000100000000)
   the space 260864K,  13% used [0x00000000c1800000, 0x00000000c3aca948, 0x00000000c3acaa00, 0x00000000d16c0000)
 Metaspace       used 38706K, capacity 39186K, committed 39296K, reserved 1083392K
  class space    used 5647K, capacity 5756K, committed 5760K, reserved 1048576K
Event: 9.671 GC heap after
Heap after GC invocations=148 (full 2):
 def new generation   total 117504K, used 1678K [0x00000000a2400000, 0x00000000aa370000, 0x00000000c1800000)
  eden space 104512K,   0% used [0x00000000a2400000, 0x00000000a2400000, 0x00000000a8a10000)
  from space 12992K,  12% used [0x00000000a96c0000, 0x00000000a9863968, 0x00000000aa370000)
  to   space 12992K,   0% used [0x00000000a8a10000, 0x00000000a8a10000, 0x00000000a96c0000)
 tenured generation   total 260864K, used 35834K [0x00000000c1800000, 0x00000000d16c0000, 0x0000000100000000)
   the space 260864K,  13% used [0x00000000c1800000, 0x00000000c3afe9c8, 0x00000000c3afea00, 0x00000000d16c0000)
 Metaspace       used 38706K, capacity 39186K, committed 39296K, reserved 1083392K
  class space    used 5647K, capacity 5756K, committed 5760K, reserved 1048576K
}
Event: 9.984 GC heap before
{Heap before GC invocations=148 (full 2):
 def new generation   total 117504K, used 106190K [0x00000000a2400000, 0x00000000aa370000, 0x00000000c1800000)
  eden space 104512K, 100% used [0x00000000a2400000, 0x00000000a8a10000, 0x00000000a8a10000)
  from space 12992K,  12% used [0x00000000a96c0000, 0x00000000a9863968, 0x00000000aa370000)
  to   space 12992K,   0% used [0x00000000a8a10000, 0x00000000a8a10000, 0x00000000a96c0000)
 tenured generation   total 260864K, used 35834K [0x00000000c1800000, 0x00000000d16c0000, 0x0000000100000000)
   the space 260864K,  13% used [0x00000000c1800000, 0x00000000c3afe9c8, 0x00000000c3afea00, 0x00000000d16c0000)
 Metaspace       used 38930K, capacity 39416K, committed 39680K, reserved 1083392K
  class space    used 5685K, capacity 5789K, committed 5888K, reserved 1048576K
Event: 9.988 GC heap after
Heap after GC invocations=149 (full 2):
 def new generation   total 117504K, used 1320K [0x00000000a2400000, 0x00000000aa370000, 0x00000000c1800000)
  eden space 104512K,   0% used [0x00000000a2400000, 0x00000000a2400000, 0x00000000a8a10000)
  from space 12992K,  10% used [0x00000000a8a10000, 0x00000000a8b5a338, 0x00000000a96c0000)
  to   space 12992K,   0% used [0x00000000a96c0000, 0x00000000a96c0000, 0x00000000aa370000)
 tenured generation   total 260864K, used 35834K [0x00000000c1800000, 0x00000000d16c0000, 0x0000000100000000)
   the space 260864K,  13% used [0x00000000c1800000, 0x00000000c3afe9c8, 0x00000000c3afea00, 0x00000000d16c0000)
 Metaspace       used 38930K, capacity 39416K, committed 39680K, reserved 1083392K
  class space    used 5685K, capacity 5789K, committed 5888K, reserved 1048576K
}
Event: 10.671 GC heap before
{Heap before GC invocations=149 (full 2):
 def new generation   total 117504K, used 105832K [0x00000000a2400000, 0x00000000aa370000, 0x00000000c1800000)
  eden space 104512K, 100% used [0x00000000a2400000, 0x00000000a8a10000, 0x00000000a8a10000)
  from space 12992K,  10% used [0x00000000a8a10000, 0x00000000a8b5a338, 0x00000000a96c0000)
  to   space 12992K,   0% used [0x00000000a96c0000, 0x00000000a96c0000, 0x00000000aa370000)
 tenured generation   total 260864K, used 35834K [0x00000000c1800000, 0x00000000d16c0000, 0x0000000100000000)
   the space 260864K,  13% used [0x00000000c1800000, 0x00000000c3afe9c8, 0x00000000c3afea00, 0x00000000d16c0000)
 Metaspace       used 41557K, capacity 42108K, committed 42368K, reserved 1085440K
  class space    used 6040K, capacity 6150K, committed 6272K, reserved 1048576K
Event: 10.678 GC heap after
Heap after GC invocations=150 (full 2):
 def new generation   total 117504K, used 3946K [0x00000000a2400000, 0x00000000aa370000, 0x00000000c1800000)
  eden space 104512K,   0% used [0x00000000a2400000, 0x00000000a2400000, 0x00000000a8a10000)
  from space 12992K,  30% used [0x00000000a96c0000, 0x00000000a9a9a830, 0x00000000aa370000)
  to   space 12992K,   0% used [0x00000000a8a10000, 0x00000000a8a10000, 0x00000000a96c0000)
 tenured generation   total 260864K, used 35834K [0x00000000c1800000, 0x00000000d16c0000, 0x0000000100000000)
   the space 260864K,  13% used [0x00000000c1800000, 0x00000000c3afe9c8, 0x00000000c3afea00, 0x00000000d16c0000)
 Metaspace       used 41557K, capacity 42108K, committed 42368K, reserved 1085440K
  class space    used 6040K, capacity 6150K, committed 6272K, reserved 1048576K
}
Event: 11.628 GC heap before
{Heap before GC invocations=150 (full 2):
 def new generation   total 117504K, used 108458K [0x00000000a2400000, 0x00000000aa370000, 0x00000000c1800000)
  eden space 104512K, 100% used [0x00000000a2400000, 0x00000000a8a10000, 0x00000000a8a10000)
  from space 12992K,  30% used [0x00000000a96c0000, 0x00000000a9a9a830, 0x00000000aa370000)
  to   space 12992K,   0% used [0x00000000a8a10000, 0x00000000a8a10000, 0x00000000a96c0000)
 tenured generation   total 260864K, used 35834K [0x00000000c1800000, 0x00000000d16c0000, 0x0000000100000000)
   the space 260864K,  13% used [0x00000000c1800000, 0x00000000c3afe9c8, 0x00000000c3afea00, 0x00000000d16c0000)
 Metaspace       used 42102K, capacity 42650K, committed 42880K, reserved 1085440K
  class space    used 6112K, capacity 6219K, committed 6272K, reserved 1048576K
Event: 11.643 GC heap after
Heap after GC invocations=151 (full 2):
 def new generation   total 117504K, used 7886K [0x00000000a2400000, 0x00000000aa370000, 0x00000000c1800000)
  eden space 104512K,   0% used [0x00000000a2400000, 0x00000000a2400000, 0x00000000a8a10000)
  from space 12992K,  60% used [0x00000000a8a10000, 0x00000000a91c3bc0, 0x00000000a96c0000)
  to   space 12992K,   0% used [0x00000000a96c0000, 0x00000000a96c0000, 0x00000000aa370000)
 tenured generation   total 260864K, used 35834K [0x00000000c1800000, 0x00000000d16c0000, 0x0000000100000000)
   the space 260864K,  13% used [0x00000000c1800000, 0x00000000c3afe9c8, 0x00000000c3afea00, 0x00000000d16c0000)
 Metaspace       used 42102K, capacity 42650K, committed 42880K, reserved 1085440K
  class space    used 6112K, capacity 6219K, committed 6272K, reserved 1048576K
}

