# JRE version: Java(TM) SE Runtime Environment (8.0_05-b13) (build 1.8.0_05-b13)
# Java VM: Java HotSpot(TM) 64-Bit Server VM (25.5-b02 mixed mode windows-amd64 compressed oops)
Heap:
 def new generation   total 117504K, used 16372K [0x00000000a2400000, 0x00000000aa370000, 0x00000000c1800000)
  eden space 104512K,   7% used [0x00000000a2400000, 0x00000000a2b9cbc8, 0x00000000a8a10000)
  from space 12992K,  66% used [0x00000000a8a10000, 0x00000000a92705d8, 0x00000000a96c0000)
  to   space 12992K,   0% used [0x00000000a96c0000, 0x00000000a96c0000, 0x00000000aa370000)
 tenured generation   total 260864K, used 35024K [0x00000000c1800000, 0x00000000d16c0000, 0x0000000100000000)
   the space 260864K,  13% used [0x00000000c1800000, 0x00000000c3a34338, 0x00000000c3a34400, 0x00000000d16c0000)
 Metaspace       used 42589K, capacity 43172K, committed 43520K, reserved 1087488K
  class space    used 6215K, capacity 6348K, committed 6400K, reserved 1048576K
GC Heap History (10 events):
Event: 8.329 GC heap before
{Heap before GC invocations=156 (full 2):
 def new generation   total 117504K, used 113176K [0x00000000a2400000, 0x00000000aa370000, 0x00000000c1800000)
  eden space 104512K, 100% used [0x00000000a2400000, 0x00000000a8a10000, 0x00000000a8a10000)
  from space 12992K,  66% used [0x00000000a96c0000, 0x00000000a9f36318, 0x00000000aa370000)
  to   space 12992K,   0% used [0x00000000a8a10000, 0x00000000a8a10000, 0x00000000a96c0000)
 tenured generation   total 260864K, used 34632K [0x00000000c1800000, 0x00000000d16c0000, 0x0000000100000000)
   the space 260864K,  13% used [0x00000000c1800000, 0x00000000c39d23f8, 0x00000000c39d2400, 0x00000000d16c0000)
 Metaspace       used 37912K, capacity 38392K, committed 38656K, reserved 1083392K
  class space    used 5520K, capacity 5623K, committed 5632K, reserved 1048576K
Event: 8.359 GC heap after
Heap after GC invocations=157 (full 2):
 def new generation   total 117504K, used 8506K [0x00000000a2400000, 0x00000000aa370000, 0x00000000c1800000)
  eden space 104512K,   0% used [0x00000000a2400000, 0x00000000a2400000, 0x00000000a8a10000)
  from space 12992K,  65% used [0x00000000a8a10000, 0x00000000a925e800, 0x00000000a96c0000)
  to   space 12992K,   0% used [0x00000000a96c0000, 0x00000000a96c0000, 0x00000000aa370000)
 tenured generation   total 260864K, used 34876K [0x00000000c1800000, 0x00000000d16c0000, 0x0000000100000000)
   the space 260864K,  13% used [0x00000000c1800000, 0x00000000c3a0f320, 0x00000000c3a0f400, 0x00000000d16c0000)
 Metaspace       used 37912K, capacity 38392K, committed 38656K, reserved 1083392K
  class space    used 5520K, capacity 5623K, committed 5632K, reserved 1048576K
}
Event: 8.702 GC heap before
{Heap before GC invocations=157 (full 2):
 def new generation   total 117504K, used 113018K [0x00000000a2400000, 0x00000000aa370000, 0x00000000c1800000)
  eden space 104512K, 100% used [0x00000000a2400000, 0x00000000a8a10000, 0x00000000a8a10000)
  from space 12992K,  65% used [0x00000000a8a10000, 0x00000000a925e800, 0x00000000a96c0000)
  to   space 12992K,   0% used [0x00000000a96c0000, 0x00000000a96c0000, 0x00000000aa370000)
 tenured generation   total 260864K, used 34876K [0x00000000c1800000, 0x00000000d16c0000, 0x0000000100000000)
   the space 260864K,  13% used [0x00000000c1800000, 0x00000000c3a0f320, 0x00000000c3a0f400, 0x00000000d16c0000)
 Metaspace       used 38622K, capacity 39126K, committed 39296K, reserved 1083392K
  class space    used 5632K, capacity 5756K, committed 5760K, reserved 1048576K
Event: 8.707 GC heap after
Heap after GC invocations=158 (full 2):
 def new generation   total 117504K, used 1380K [0x00000000a2400000, 0x00000000aa370000, 0x00000000c1800000)
  eden space 104512K,   0% used [0x00000000a2400000, 0x00000000a2400000, 0x00000000a8a10000)
  from space 12992K,  10% used [0x00000000a96c0000, 0x00000000a98193b0, 0x00000000aa370000)
  to   space 12992K,   0% used [0x00000000a8a10000, 0x00000000a8a10000, 0x00000000a96c0000)
 tenured generation   total 260864K, used 35024K [0x00000000c1800000, 0x00000000d16c0000, 0x0000000100000000)
   the space 260864K,  13% used [0x00000000c1800000, 0x00000000c3a34338, 0x00000000c3a34400, 0x00000000d16c0000)
 Metaspace       used 38622K, capacity 39126K, committed 39296K, reserved 1083392K
  class space    used 5632K, capacity 5756K, committed 5760K, reserved 1048576K
}
Event: 9.023 GC heap before
{Heap before GC invocations=158 (full 2):
 def new generation   total 117504K, used 105892K [0x00000000a2400000, 0x00000000aa370000, 0x00000000c1800000)
  eden space 104512K, 100% used [0x00000000a2400000, 0x00000000a8a10000, 0x00000000a8a10000)
  from space 12992K,  10% used [0x00000000a96c0000, 0x00000000a98193b0, 0x00000000aa370000)
  to   space 12992K,   0% used [0x00000000a8a10000, 0x00000000a8a10000, 0x00000000a96c0000)
 tenured generation   total 260864K, used 35024K [0x00000000c1800000, 0x00000000d16c0000, 0x0000000100000000)
   the space 260864K,  13% used [0x00000000c1800000, 0x00000000c3a34338, 0x00000000c3a34400, 0x00000000d16c0000)
 Metaspace       used 38850K, capacity 39356K, committed 39680K, reserved 1083392K
  class space    used 5671K, capacity 5789K, committed 5888K, reserved 1048576K
Event: 9.027 GC heap after
Heap after GC invocations=159 (full 2):
 def new generation   total 117504K, used 1257K [0x00000000a2400000, 0x00000000aa370000, 0x00000000c1800000)
  eden space 104512K,   0% used [0x00000000a2400000, 0x00000000a2400000, 0x00000000a8a10000)
  from space 12992K,   9% used [0x00000000a8a10000, 0x00000000a8b4a670, 0x00000000a96c0000)
  to   space 12992K,   0% used [0x00000000a96c0000, 0x00000000a96c0000, 0x00000000aa370000)
 tenured generation   total 260864K, used 35024K [0x00000000c1800000, 0x00000000d16c0000, 0x0000000100000000)
   the space 260864K,  13% used [0x00000000c1800000, 0x00000000c3a34338, 0x00000000c3a34400, 0x00000000d16c0000)
 Metaspace       used 38850K, capacity 39356K, committed 39680K, reserved 1083392K
  class space    used 5671K, capacity 5789K, committed 5888K, reserved 1048576K
}
Event: 9.712 GC heap before
{Heap before GC invocations=159 (full 2):
 def new generation   total 117504K, used 105769K [0x00000000a2400000, 0x00000000aa370000, 0x00000000c1800000)
  eden space 104512K, 100% used [0x00000000a2400000, 0x00000000a8a10000, 0x00000000a8a10000)
  from space 12992K,   9% used [0x00000000a8a10000, 0x00000000a8b4a670, 0x00000000a96c0000)
  to   space 12992K,   0% used [0x00000000a96c0000, 0x00000000a96c0000, 0x00000000aa370000)
 tenured generation   total 260864K, used 35024K [0x00000000c1800000, 0x00000000d16c0000, 0x0000000100000000)
   the space 260864K,  13% used [0x00000000c1800000, 0x00000000c3a34338, 0x00000000c3a34400, 0x00000000d16c0000)
 Metaspace       used 41530K, capacity 42054K, committed 42368K, reserved 1085440K
  class space    used 6036K, capacity 6151K, committed 6272K, reserved 1048576K
Event: 9.723 GC heap after
Heap after GC invocations=160 (full 2):
 def new generation   total 117504K, used 4408K [0x00000000a2400000, 0x00000000aa370000, 0x00000000c1800000)
  eden space 104512K,   0% used [0x00000000a2400000, 0x00000000a2400000, 0x00000000a8a10000)
  from space 12992K,  33% used [0x00000000a96c0000, 0x00000000a9b0e2a0, 0x00000000aa370000)
  to   space 12992K,   0% used [0x00000000a8a10000, 0x00000000a8a10000, 0x00000000a96c0000)
 tenured generation   total 260864K, used 35024K [0x00000000c1800000, 0x00000000d16c0000, 0x0000000100000000)
   the space 260864K,  13% used [0x00000000c1800000, 0x00000000c3a34338, 0x00000000c3a34400, 0x00000000d16c0000)
 Metaspace       used 41530K, capacity 42054K, committed 42368K, reserved 1085440K
  class space    used 6036K, capacity 6151K, committed 6272K, reserved 1048576K
}
Event: 10.657 GC heap before
{Heap before GC invocations=160 (full 2):
 def new generation   total 117504K, used 108920K [0x00000000a2400000, 0x00000000aa370000, 0x00000000c1800000)
  eden space 104512K, 100% used [0x00000000a2400000, 0x00000000a8a10000, 0x00000000a8a10000)
  from space 12992K,  33% used [0x00000000a96c0000, 0x00000000a9b0e2a0, 0x00000000aa370000)
  to   space 12992K,   0% used [0x00000000a8a10000, 0x00000000a8a10000, 0x00000000a96c0000)
 tenured generation   total 260864K, used 35024K [0x00000000c1800000, 0x00000000d16c0000, 0x0000000100000000)
   the space 260864K,  13% used [0x00000000c1800000, 0x00000000c3a34338, 0x00000000c3a34400, 0x00000000d16c0000)
 Metaspace       used 41997K, capacity 42526K, committed 42880K, reserved 1085440K
  class space    used 6098K, capacity 6219K, committed 6272K, reserved 1048576K
Event: 10.671 GC heap after
Heap after GC invocations=161 (full 2):
 def new generation   total 117504K, used 8577K [0x00000000a2400000, 0x00000000aa370000, 0x00000000c1800000)
  eden space 104512K,   0% used [0x00000000a2400000, 0x00000000a2400000, 0x00000000a8a10000)
  from space 12992K,  66% used [0x00000000a8a10000, 0x00000000a92705d8, 0x00000000a96c0000)
  to   space 12992K,   0% used [0x00000000a96c0000, 0x00000000a96c0000, 0x00000000aa370000)
 tenured generation   total 260864K, used 35024K [0x00000000c1800000, 0x00000000d16c0000, 0x0000000100000000)
   the space 260864K,  13% used [0x00000000c1800000, 0x00000000c3a34338, 0x00000000c3a34400, 0x00000000d16c0000)
 Metaspace       used 41997K, capacity 42526K, committed 42880K, reserved 1085440K
  class space    used 6098K, capacity 6219K, committed 6272K, reserved 1048576K
}

