# JRE version: Java(TM) SE Runtime Environment (8.0_05-b13) (build 1.8.0_05-b13)
# Java VM: Java HotSpot(TM) 64-Bit Server VM (25.5-b02 mixed mode windows-amd64 compressed oops)
Heap:
 def new generation   total 117504K, used 25542K [0x00000000a2400000, 0x00000000aa370000, 0x00000000c1800000)
  eden space 104512K,  16% used [0x00000000a2400000, 0x00000000a3527160, 0x00000000a8a10000)
  from space 12992K,  61% used [0x00000000a8a10000, 0x00000000a91da930, 0x00000000a96c0000)
  to   space 12992K,   0% used [0x00000000a96c0000, 0x00000000a96c0000, 0x00000000aa370000)
 tenured generation   total 260864K, used 34786K [0x00000000c1800000, 0x00000000d16c0000, 0x0000000100000000)
   the space 260864K,  13% used [0x00000000c1800000, 0x00000000c39f8860, 0x00000000c39f8a00, 0x00000000d16c0000)
 Metaspace       used 42640K, capacity 43240K, committed 43520K, reserved 1087488K
  class space    used 6214K, capacity 6348K, committed 6400K, reserved 1048576K
GC Heap History (10 events):
Event: 8.152 GC heap before
{Heap before GC invocations=155 (full 2):
 def new generation   total 117504K, used 113170K [0x00000000a2400000, 0x00000000aa370000, 0x00000000c1800000)
  eden space 104512K, 100% used [0x00000000a2400000, 0x00000000a8a10000, 0x00000000a8a10000)
  from space 12992K,  66% used [0x00000000a96c0000, 0x00000000a9f34a48, 0x00000000aa370000)
  to   space 12992K,   0% used [0x00000000a8a10000, 0x00000000a8a10000, 0x00000000a96c0000)
 tenured generation   total 260864K, used 34338K [0x00000000c1800000, 0x00000000d16c0000, 0x0000000100000000)
   the space 260864K,  13% used [0x00000000c1800000, 0x00000000c39888b8, 0x00000000c3988a00, 0x00000000d16c0000)
 Metaspace       used 37917K, capacity 38396K, committed 38656K, reserved 1083392K
  class space    used 5520K, capacity 5623K, committed 5632K, reserved 1048576K
Event: 8.173 GC heap after
Heap after GC invocations=156 (full 2):
 def new generation   total 117504K, used 8602K [0x00000000a2400000, 0x00000000aa370000, 0x00000000c1800000)
  eden space 104512K,   0% used [0x00000000a2400000, 0x00000000a2400000, 0x00000000a8a10000)
  from space 12992K,  66% used [0x00000000a8a10000, 0x00000000a9276948, 0x00000000a96c0000)
  to   space 12992K,   0% used [0x00000000a96c0000, 0x00000000a96c0000, 0x00000000aa370000)
 tenured generation   total 260864K, used 34581K [0x00000000c1800000, 0x00000000d16c0000, 0x0000000100000000)
   the space 260864K,  13% used [0x00000000c1800000, 0x00000000c39c55a0, 0x00000000c39c5600, 0x00000000d16c0000)
 Metaspace       used 37917K, capacity 38396K, committed 38656K, reserved 1083392K
  class space    used 5520K, capacity 5623K, committed 5632K, reserved 1048576K
}
Event: 8.553 GC heap before
{Heap before GC invocations=156 (full 2):
 def new generation   total 117504K, used 113114K [0x00000000a2400000, 0x00000000aa370000, 0x00000000c1800000)
  eden space 104512K, 100% used [0x00000000a2400000, 0x00000000a8a10000, 0x00000000a8a10000)
  from space 12992K,  66% used [0x00000000a8a10000, 0x00000000a9276948, 0x00000000a96c0000)
  to   space 12992K,   0% used [0x00000000a96c0000, 0x00000000a96c0000, 0x00000000aa370000)
 tenured generation   total 260864K, used 34581K [0x00000000c1800000, 0x00000000d16c0000, 0x0000000100000000)
   the space 260864K,  13% used [0x00000000c1800000, 0x00000000c39c55a0, 0x00000000c39c5600, 0x00000000d16c0000)
 Metaspace       used 38628K, capacity 39130K, committed 39296K, reserved 1083392K
  class space    used 5631K, capacity 5756K, committed 5760K, reserved 1048576K
Event: 8.560 GC heap after
Heap after GC invocations=157 (full 2):
 def new generation   total 117504K, used 1383K [0x00000000a2400000, 0x00000000aa370000, 0x00000000c1800000)
  eden space 104512K,   0% used [0x00000000a2400000, 0x00000000a2400000, 0x00000000a8a10000)
  from space 12992K,  10% used [0x00000000a96c0000, 0x00000000a9819dd8, 0x00000000aa370000)
  to   space 12992K,   0% used [0x00000000a8a10000, 0x00000000a8a10000, 0x00000000a96c0000)
 tenured generation   total 260864K, used 34786K [0x00000000c1800000, 0x00000000d16c0000, 0x0000000100000000)
   the space 260864K,  13% used [0x00000000c1800000, 0x00000000c39f8860, 0x00000000c39f8a00, 0x00000000d16c0000)
 Metaspace       used 38628K, capacity 39130K, committed 39296K, reserved 1083392K
  class space    used 5631K, capacity 5756K, committed 5760K, reserved 1048576K
}
Event: 8.878 GC heap before
{Heap before GC invocations=157 (full 2):
 def new generation   total 117504K, used 105895K [0x00000000a2400000, 0x00000000aa370000, 0x00000000c1800000)
  eden space 104512K, 100% used [0x00000000a2400000, 0x00000000a8a10000, 0x00000000a8a10000)
  from space 12992K,  10% used [0x00000000a96c0000, 0x00000000a9819dd8, 0x00000000aa370000)
  to   space 12992K,   0% used [0x00000000a8a10000, 0x00000000a8a10000, 0x00000000a96c0000)
 tenured generation   total 260864K, used 34786K [0x00000000c1800000, 0x00000000d16c0000, 0x0000000100000000)
   the space 260864K,  13% used [0x00000000c1800000, 0x00000000c39f8860, 0x00000000c39f8a00, 0x00000000d16c0000)
 Metaspace       used 38856K, capacity 39360K, committed 39680K, reserved 1083392K
  class space    used 5671K, capacity 5789K, committed 5888K, reserved 1048576K
Event: 8.882 GC heap after
Heap after GC invocations=158 (full 2):
 def new generation   total 117504K, used 1331K [0x00000000a2400000, 0x00000000aa370000, 0x00000000c1800000)
  eden space 104512K,   0% used [0x00000000a2400000, 0x00000000a2400000, 0x00000000a8a10000)
  from space 12992K,  10% used [0x00000000a8a10000, 0x00000000a8b5cc70, 0x00000000a96c0000)
  to   space 12992K,   0% used [0x00000000a96c0000, 0x00000000a96c0000, 0x00000000aa370000)
 tenured generation   total 260864K, used 34786K [0x00000000c1800000, 0x00000000d16c0000, 0x0000000100000000)
   the space 260864K,  13% used [0x00000000c1800000, 0x00000000c39f8860, 0x00000000c39f8a00, 0x00000000d16c0000)
 Metaspace       used 38856K, capacity 39360K, committed 39680K, reserved 1083392K
  class space    used 5671K, capacity 5789K, committed 5888K, reserved 1048576K
}
Event: 9.635 GC heap before
{Heap before GC invocations=158 (full 2):
 def new generation   total 117504K, used 105843K [0x00000000a2400000, 0x00000000aa370000, 0x00000000c1800000)
  eden space 104512K, 100% used [0x00000000a2400000, 0x00000000a8a10000, 0x00000000a8a10000)
  from space 12992K,  10% used [0x00000000a8a10000, 0x00000000a8b5cc70, 0x00000000a96c0000)
  to   space 12992K,   0% used [0x00000000a96c0000, 0x00000000a96c0000, 0x00000000aa370000)
 tenured generation   total 260864K, used 34786K [0x00000000c1800000, 0x00000000d16c0000, 0x0000000100000000)
   the space 260864K,  13% used [0x00000000c1800000, 0x00000000c39f8860, 0x00000000c39f8a00, 0x00000000d16c0000)
 Metaspace       used 41543K, capacity 42058K, committed 42368K, reserved 1085440K
  class space    used 6036K, capacity 6151K, committed 6272K, reserved 1048576K
Event: 9.648 GC heap after
Heap after GC invocations=159 (full 2):
 def new generation   total 117504K, used 4527K [0x00000000a2400000, 0x00000000aa370000, 0x00000000c1800000)
  eden space 104512K,   0% used [0x00000000a2400000, 0x00000000a2400000, 0x00000000a8a10000)
  from space 12992K,  34% used [0x00000000a96c0000, 0x00000000a9b2bfa0, 0x00000000aa370000)
  to   space 12992K,   0% used [0x00000000a8a10000, 0x00000000a8a10000, 0x00000000a96c0000)
 tenured generation   total 260864K, used 34786K [0x00000000c1800000, 0x00000000d16c0000, 0x0000000100000000)
   the space 260864K,  13% used [0x00000000c1800000, 0x00000000c39f8860, 0x00000000c39f8a00, 0x00000000d16c0000)
 Metaspace       used 41543K, capacity 42058K, committed 42368K, reserved 1085440K
  class space    used 6036K, capacity 6151K, committed 6272K, reserved 1048576K
}
Event: 10.522 GC heap before
{Heap before GC invocations=159 (full 2):
 def new generation   total 117504K, used 109039K [0x00000000a2400000, 0x00000000aa370000, 0x00000000c1800000)
  eden space 104512K, 100% used [0x00000000a2400000, 0x00000000a8a10000, 0x00000000a8a10000)
  from space 12992K,  34% used [0x00000000a96c0000, 0x00000000a9b2bfa0, 0x00000000aa370000)
  to   space 12992K,   0% used [0x00000000a8a10000, 0x00000000a8a10000, 0x00000000a96c0000)
 tenured generation   total 260864K, used 34786K [0x00000000c1800000, 0x00000000d16c0000, 0x0000000100000000)
   the space 260864K,  13% used [0x00000000c1800000, 0x00000000c39f8860, 0x00000000c39f8a00, 0x00000000d16c0000)
 Metaspace       used 42032K, capacity 42594K, committed 42880K, reserved 1085440K
  class space    used 6097K, capacity 6219K, committed 6272K, reserved 1048576K
Event: 10.537 GC heap after
Heap after GC invocations=160 (full 2):
 def new generation   total 117504K, used 7978K [0x00000000a2400000, 0x00000000aa370000, 0x00000000c1800000)
  eden space 104512K,   0% used [0x00000000a2400000, 0x00000000a2400000, 0x00000000a8a10000)
  from space 12992K,  61% used [0x00000000a8a10000, 0x00000000a91da930, 0x00000000a96c0000)
  to   space 12992K,   0% used [0x00000000a96c0000, 0x00000000a96c0000, 0x00000000aa370000)
 tenured generation   total 260864K, used 34786K [0x00000000c1800000, 0x00000000d16c0000, 0x0000000100000000)
   the space 260864K,  13% used [0x00000000c1800000, 0x00000000c39f8860, 0x00000000c39f8a00, 0x00000000d16c0000)
 Metaspace       used 42032K, capacity 42594K, committed 42880K, reserved 1085440K
  class space    used 6097K, capacity 6219K, committed 6272K, reserved 1048576K
}

