# JRE version: Java(TM) SE Runtime Environment (8.0_05-b13) (build 1.8.0_05-b13)
# Java VM: Java HotSpot(TM) 64-Bit Server VM (25.5-b02 mixed mode windows-amd64 compressed oops)
Heap:
 def new generation   total 117504K, used 25099K [0x00000000a2400000, 0x00000000aa370000, 0x00000000c1800000)
  eden space 104512K,  16% used [0x00000000a2400000, 0x00000000a34c9330, 0x00000000a8a10000)
  from space 12992K,  60% used [0x00000000a8a10000, 0x00000000a91c9a50, 0x00000000a96c0000)
  to   space 12992K,   0% used [0x00000000a96c0000, 0x00000000a96c0000, 0x00000000aa370000)
 tenured generation   total 260864K, used 34869K [0x00000000c1800000, 0x00000000d16c0000, 0x0000000100000000)
   the space 260864K,  13% used [0x00000000c1800000, 0x00000000c3a0d790, 0x00000000c3a0d800, 0x00000000d16c0000)
 Metaspace       used 42658K, capacity 43236K, committed 43520K, reserved 1087488K
  class space    used 6217K, capacity 6348K, committed 6400K, reserved 1048576K
GC Heap History (10 events):
Event: 8.365 GC heap before
{Heap before GC invocations=156 (full 2):
 def new generation   total 117504K, used 113178K [0x00000000a2400000, 0x00000000aa370000, 0x00000000c1800000)
  eden space 104512K, 100% used [0x00000000a2400000, 0x00000000a8a10000, 0x00000000a8a10000)
  from space 12992K,  66% used [0x00000000a96c0000, 0x00000000a9f36a18, 0x00000000aa370000)
  to   space 12992K,   0% used [0x00000000a8a10000, 0x00000000a8a10000, 0x00000000a96c0000)
 tenured generation   total 260864K, used 34424K [0x00000000c1800000, 0x00000000d16c0000, 0x0000000100000000)
   the space 260864K,  13% used [0x00000000c1800000, 0x00000000c399e2e8, 0x00000000c399e400, 0x00000000d16c0000)
 Metaspace       used 37909K, capacity 38388K, committed 38400K, reserved 1081344K
  class space    used 5524K, capacity 5623K, committed 5632K, reserved 1048576K
Event: 8.388 GC heap after
Heap after GC invocations=157 (full 2):
 def new generation   total 117504K, used 8615K [0x00000000a2400000, 0x00000000aa370000, 0x00000000c1800000)
  eden space 104512K,   0% used [0x00000000a2400000, 0x00000000a2400000, 0x00000000a8a10000)
  from space 12992K,  66% used [0x00000000a8a10000, 0x00000000a9279cb0, 0x00000000a96c0000)
  to   space 12992K,   0% used [0x00000000a96c0000, 0x00000000a96c0000, 0x00000000aa370000)
 tenured generation   total 260864K, used 34663K [0x00000000c1800000, 0x00000000d16c0000, 0x0000000100000000)
   the space 260864K,  13% used [0x00000000c1800000, 0x00000000c39d9c20, 0x00000000c39d9e00, 0x00000000d16c0000)
 Metaspace       used 37909K, capacity 38388K, committed 38400K, reserved 1081344K
  class space    used 5524K, capacity 5623K, committed 5632K, reserved 1048576K
}
Event: 8.758 GC heap before
{Heap before GC invocations=157 (full 2):
 def new generation   total 117504K, used 113127K [0x00000000a2400000, 0x00000000aa370000, 0x00000000c1800000)
  eden space 104512K, 100% used [0x00000000a2400000, 0x00000000a8a10000, 0x00000000a8a10000)
  from space 12992K,  66% used [0x00000000a8a10000, 0x00000000a9279cb0, 0x00000000a96c0000)
  to   space 12992K,   0% used [0x00000000a96c0000, 0x00000000a96c0000, 0x00000000aa370000)
 tenured generation   total 260864K, used 34663K [0x00000000c1800000, 0x00000000d16c0000, 0x0000000100000000)
   the space 260864K,  13% used [0x00000000c1800000, 0x00000000c39d9c20, 0x00000000c39d9e00, 0x00000000d16c0000)
 Metaspace       used 38637K, capacity 39122K, committed 39296K, reserved 1083392K
  class space    used 5635K, capacity 5756K, committed 5760K, reserved 1048576K
Event: 8.765 GC heap after
Heap after GC invocations=158 (full 2):
 def new generation   total 117504K, used 1671K [0x00000000a2400000, 0x00000000aa370000, 0x00000000c1800000)
  eden space 104512K,   0% used [0x00000000a2400000, 0x00000000a2400000, 0x00000000a8a10000)
  from space 12992K,  12% used [0x00000000a96c0000, 0x00000000a9861cc8, 0x00000000aa370000)
  to   space 12992K,   0% used [0x00000000a8a10000, 0x00000000a8a10000, 0x00000000a96c0000)
 tenured generation   total 260864K, used 34869K [0x00000000c1800000, 0x00000000d16c0000, 0x0000000100000000)
   the space 260864K,  13% used [0x00000000c1800000, 0x00000000c3a0d790, 0x00000000c3a0d800, 0x00000000d16c0000)
 Metaspace       used 38637K, capacity 39122K, committed 39296K, reserved 1083392K
  class space    used 5635K, capacity 5756K, committed 5760K, reserved 1048576K
}
Event: 9.099 GC heap before
{Heap before GC invocations=158 (full 2):
 def new generation   total 117504K, used 106183K [0x00000000a2400000, 0x00000000aa370000, 0x00000000c1800000)
  eden space 104512K, 100% used [0x00000000a2400000, 0x00000000a8a10000, 0x00000000a8a10000)
  from space 12992K,  12% used [0x00000000a96c0000, 0x00000000a9861cc8, 0x00000000aa370000)
  to   space 12992K,   0% used [0x00000000a8a10000, 0x00000000a8a10000, 0x00000000a96c0000)
 tenured generation   total 260864K, used 34869K [0x00000000c1800000, 0x00000000d16c0000, 0x0000000100000000)
   the space 260864K,  13% used [0x00000000c1800000, 0x00000000c3a0d790, 0x00000000c3a0d800, 0x00000000d16c0000)
 Metaspace       used 38865K, capacity 39352K, committed 39680K, reserved 1083392K
  class space    used 5674K, capacity 5789K, committed 5888K, reserved 1048576K
Event: 9.105 GC heap after
Heap after GC invocations=159 (full 2):
 def new generation   total 117504K, used 1226K [0x00000000a2400000, 0x00000000aa370000, 0x00000000c1800000)
  eden space 104512K,   0% used [0x00000000a2400000, 0x00000000a2400000, 0x00000000a8a10000)
  from space 12992K,   9% used [0x00000000a8a10000, 0x00000000a8b42960, 0x00000000a96c0000)
  to   space 12992K,   0% used [0x00000000a96c0000, 0x00000000a96c0000, 0x00000000aa370000)
 tenured generation   total 260864K, used 34869K [0x00000000c1800000, 0x00000000d16c0000, 0x0000000100000000)
   the space 260864K,  13% used [0x00000000c1800000, 0x00000000c3a0d790, 0x00000000c3a0d800, 0x00000000d16c0000)
 Metaspace       used 38865K, capacity 39352K, committed 39680K, reserved 1083392K
  class space    used 5674K, capacity 5789K, committed 5888K, reserved 1048576K
}
Event: 9.864 GC heap before
{Heap before GC invocations=159 (full 2):
 def new generation   total 117504K, used 105738K [0x00000000a2400000, 0x00000000aa370000, 0x00000000c1800000)
  eden space 104512K, 100% used [0x00000000a2400000, 0x00000000a8a10000, 0x00000000a8a10000)
  from space 12992K,   9% used [0x00000000a8a10000, 0x00000000a8b42960, 0x00000000a96c0000)
  to   space 12992K,   0% used [0x00000000a96c0000, 0x00000000a96c0000, 0x00000000aa370000)
 tenured generation   total 260864K, used 34869K [0x00000000c1800000, 0x00000000d16c0000, 0x0000000100000000)
   the space 260864K,  13% used [0x00000000c1800000, 0x00000000c3a0d790, 0x00000000c3a0d800, 0x00000000d16c0000)
 Metaspace       used 41508K, capacity 42050K, committed 42368K, reserved 1085440K
  class space    used 6028K, capacity 6151K, committed 6272K, reserved 1048576K
Event: 9.872 GC heap after
Heap after GC invocations=160 (full 2):
 def new generation   total 117504K, used 4205K [0x00000000a2400000, 0x00000000aa370000, 0x00000000c1800000)
  eden space 104512K,   0% used [0x00000000a2400000, 0x00000000a2400000, 0x00000000a8a10000)
  from space 12992K,  32% used [0x00000000a96c0000, 0x00000000a9adb790, 0x00000000aa370000)
  to   space 12992K,   0% used [0x00000000a8a10000, 0x00000000a8a10000, 0x00000000a96c0000)
 tenured generation   total 260864K, used 34869K [0x00000000c1800000, 0x00000000d16c0000, 0x0000000100000000)
   the space 260864K,  13% used [0x00000000c1800000, 0x00000000c3a0d790, 0x00000000c3a0d800, 0x00000000d16c0000)
 Metaspace       used 41508K, capacity 42050K, committed 42368K, reserved 1085440K
  class space    used 6028K, capacity 6151K, committed 6272K, reserved 1048576K
}
Event: 10.723 GC heap before
{Heap before GC invocations=160 (full 2):
 def new generation   total 117504K, used 108717K [0x00000000a2400000, 0x00000000aa370000, 0x00000000c1800000)
  eden space 104512K, 100% used [0x00000000a2400000, 0x00000000a8a10000, 0x00000000a8a10000)
  from space 12992K,  32% used [0x00000000a96c0000, 0x00000000a9adb790, 0x00000000aa370000)
  to   space 12992K,   0% used [0x00000000a8a10000, 0x00000000a8a10000, 0x00000000a96c0000)
 tenured generation   total 260864K, used 34869K [0x00000000c1800000, 0x00000000d16c0000, 0x0000000100000000)
   the space 260864K,  13% used [0x00000000c1800000, 0x00000000c3a0d790, 0x00000000c3a0d800, 0x00000000d16c0000)
 Metaspace       used 42024K, capacity 42586K, committed 42880K, reserved 1085440K
  class space    used 6096K, capacity 6219K, committed 6272K, reserved 1048576K
Event: 10.734 GC heap after
Heap after GC invocations=161 (full 2):
 def new generation   total 117504K, used 7910K [0x00000000a2400000, 0x00000000aa370000, 0x00000000c1800000)
  eden space 104512K,   0% used [0x00000000a2400000, 0x00000000a2400000, 0x00000000a8a10000)
  from space 12992K,  60% used [0x00000000a8a10000, 0x00000000a91c9a50, 0x00000000a96c0000)
  to   space 12992K,   0% used [0x00000000a96c0000, 0x00000000a96c0000, 0x00000000aa370000)
 tenured generation   total 260864K, used 34869K [0x00000000c1800000, 0x00000000d16c0000, 0x0000000100000000)
   the space 260864K,  13% used [0x00000000c1800000, 0x00000000c3a0d790, 0x00000000c3a0d800, 0x00000000d16c0000)
 Metaspace       used 42024K, capacity 42586K, committed 42880K, reserved 1085440K
  class space    used 6096K, capacity 6219K, committed 6272K, reserved 1048576K
}

