# JRE version: Java(TM) SE Runtime Environment (8.0_05-b13) (build 1.8.0_05-b13)
# Java VM: Java HotSpot(TM) 64-Bit Server VM (25.5-b02 mixed mode windows-amd64 compressed oops)
Heap:
 def new generation   total 117504K, used 16824K [0x00000000a2400000, 0x00000000aa370000, 0x00000000c1800000)
  eden space 104512K,   8% used [0x00000000a2400000, 0x00000000a2c81cc8, 0x00000000a8a10000)
  from space 12992K,  62% used [0x00000000a8a10000, 0x00000000a91fc570, 0x00000000a96c0000)
  to   space 12992K,   0% used [0x00000000a96c0000, 0x00000000a96c0000, 0x00000000aa370000)
 tenured generation   total 260864K, used 35027K [0x00000000c1800000, 0x00000000d16c0000, 0x0000000100000000)
   the space 260864K,  13% used [0x00000000c1800000, 0x00000000c3a34fe0, 0x00000000c3a35000, 0x00000000d16c0000)
 Metaspace       used 42757K, capacity 43308K, committed 43520K, reserved 1087488K
  class space    used 6238K, capacity 6348K, committed 6400K, reserved 1048576K
GC Heap History (10 events):
Event: 10.150 GC heap before
{Heap before GC invocations=156 (full 2):
 def new generation   total 117504K, used 113175K [0x00000000a2400000, 0x00000000aa370000, 0x00000000c1800000)
  eden space 104512K, 100% used [0x00000000a2400000, 0x00000000a8a10000, 0x00000000a8a10000)
  from space 12992K,  66% used [0x00000000a96c0000, 0x00000000a9f35d98, 0x00000000aa370000)
  to   space 12992K,   0% used [0x00000000a8a10000, 0x00000000a8a10000, 0x00000000a96c0000)
 tenured generation   total 260864K, used 34580K [0x00000000c1800000, 0x00000000d16c0000, 0x0000000100000000)
   the space 260864K,  13% used [0x00000000c1800000, 0x00000000c39c5180, 0x00000000c39c5200, 0x00000000d16c0000)
 Metaspace       used 37997K, capacity 38496K, committed 38784K, reserved 1083392K
  class space    used 5539K, capacity 5655K, committed 5760K, reserved 1048576K
Event: 10.179 GC heap after
Heap after GC invocations=157 (full 2):
 def new generation   total 117504K, used 8659K [0x00000000a2400000, 0x00000000aa370000, 0x00000000c1800000)
  eden space 104512K,   0% used [0x00000000a2400000, 0x00000000a2400000, 0x00000000a8a10000)
  from space 12992K,  66% used [0x00000000a8a10000, 0x00000000a9284ce8, 0x00000000a96c0000)
  to   space 12992K,   0% used [0x00000000a96c0000, 0x00000000a96c0000, 0x00000000aa370000)
 tenured generation   total 260864K, used 34825K [0x00000000c1800000, 0x00000000d16c0000, 0x0000000100000000)
   the space 260864K,  13% used [0x00000000c1800000, 0x00000000c3a02518, 0x00000000c3a02600, 0x00000000d16c0000)
 Metaspace       used 37997K, capacity 38496K, committed 38784K, reserved 1083392K
  class space    used 5539K, capacity 5655K, committed 5760K, reserved 1048576K
}
Event: 10.537 GC heap before
{Heap before GC invocations=157 (full 2):
 def new generation   total 117504K, used 113171K [0x00000000a2400000, 0x00000000aa370000, 0x00000000c1800000)
  eden space 104512K, 100% used [0x00000000a2400000, 0x00000000a8a10000, 0x00000000a8a10000)
  from space 12992K,  66% used [0x00000000a8a10000, 0x00000000a9284ce8, 0x00000000a96c0000)
  to   space 12992K,   0% used [0x00000000a96c0000, 0x00000000a96c0000, 0x00000000aa370000)
 tenured generation   total 260864K, used 34825K [0x00000000c1800000, 0x00000000d16c0000, 0x0000000100000000)
   the space 260864K,  13% used [0x00000000c1800000, 0x00000000c3a02518, 0x00000000c3a02600, 0x00000000d16c0000)
 Metaspace       used 38691K, capacity 39134K, committed 39296K, reserved 1083392K
  class space    used 5647K, capacity 5756K, committed 5760K, reserved 1048576K
Event: 10.544 GC heap after
Heap after GC invocations=158 (full 2):
 def new generation   total 117504K, used 1173K [0x00000000a2400000, 0x00000000aa370000, 0x00000000c1800000)
  eden space 104512K,   0% used [0x00000000a2400000, 0x00000000a2400000, 0x00000000a8a10000)
  from space 12992K,   9% used [0x00000000a96c0000, 0x00000000a97e56c8, 0x00000000aa370000)
  to   space 12992K,   0% used [0x00000000a8a10000, 0x00000000a8a10000, 0x00000000a96c0000)
 tenured generation   total 260864K, used 35027K [0x00000000c1800000, 0x00000000d16c0000, 0x0000000100000000)
   the space 260864K,  13% used [0x00000000c1800000, 0x00000000c3a34fe0, 0x00000000c3a35000, 0x00000000d16c0000)
 Metaspace       used 38691K, capacity 39134K, committed 39296K, reserved 1083392K
  class space    used 5647K, capacity 5756K, committed 5760K, reserved 1048576K
}
Event: 10.890 GC heap before
{Heap before GC invocations=158 (full 2):
 def new generation   total 117504K, used 105685K [0x00000000a2400000, 0x00000000aa370000, 0x00000000c1800000)
  eden space 104512K, 100% used [0x00000000a2400000, 0x00000000a8a10000, 0x00000000a8a10000)
  from space 12992K,   9% used [0x00000000a96c0000, 0x00000000a97e56c8, 0x00000000aa370000)
  to   space 12992K,   0% used [0x00000000a8a10000, 0x00000000a8a10000, 0x00000000a96c0000)
 tenured generation   total 260864K, used 35027K [0x00000000c1800000, 0x00000000d16c0000, 0x0000000100000000)
   the space 260864K,  13% used [0x00000000c1800000, 0x00000000c3a34fe0, 0x00000000c3a35000, 0x00000000d16c0000)
 Metaspace       used 38911K, capacity 39428K, committed 39680K, reserved 1083392K
  class space    used 5686K, capacity 5789K, committed 5888K, reserved 1048576K
Event: 10.895 GC heap after
Heap after GC invocations=159 (full 2):
 def new generation   total 117504K, used 1135K [0x00000000a2400000, 0x00000000aa370000, 0x00000000c1800000)
  eden space 104512K,   0% used [0x00000000a2400000, 0x00000000a2400000, 0x00000000a8a10000)
  from space 12992K,   8% used [0x00000000a8a10000, 0x00000000a8b2bec8, 0x00000000a96c0000)
  to   space 12992K,   0% used [0x00000000a96c0000, 0x00000000a96c0000, 0x00000000aa370000)
 tenured generation   total 260864K, used 35027K [0x00000000c1800000, 0x00000000d16c0000, 0x0000000100000000)
   the space 260864K,  13% used [0x00000000c1800000, 0x00000000c3a34fe0, 0x00000000c3a35000, 0x00000000d16c0000)
 Metaspace       used 38911K, capacity 39428K, committed 39680K, reserved 1083392K
  class space    used 5686K, capacity 5789K, committed 5888K, reserved 1048576K
}
Event: 11.832 GC heap before
{Heap before GC invocations=159 (full 2):
 def new generation   total 117504K, used 105647K [0x00000000a2400000, 0x00000000aa370000, 0x00000000c1800000)
  eden space 104512K, 100% used [0x00000000a2400000, 0x00000000a8a10000, 0x00000000a8a10000)
  from space 12992K,   8% used [0x00000000a8a10000, 0x00000000a8b2bec8, 0x00000000a96c0000)
  to   space 12992K,   0% used [0x00000000a96c0000, 0x00000000a96c0000, 0x00000000aa370000)
 tenured generation   total 260864K, used 35027K [0x00000000c1800000, 0x00000000d16c0000, 0x0000000100000000)
   the space 260864K,  13% used [0x00000000c1800000, 0x00000000c3a34fe0, 0x00000000c3a35000, 0x00000000d16c0000)
 Metaspace       used 41606K, capacity 42062K, committed 42368K, reserved 1085440K
  class space    used 6050K, capacity 6151K, committed 6272K, reserved 1048576K
Event: 11.843 GC heap after
Heap after GC invocations=160 (full 2):
 def new generation   total 117504K, used 4475K [0x00000000a2400000, 0x00000000aa370000, 0x00000000c1800000)
  eden space 104512K,   0% used [0x00000000a2400000, 0x00000000a2400000, 0x00000000a8a10000)
  from space 12992K,  34% used [0x00000000a96c0000, 0x00000000a9b1ec10, 0x00000000aa370000)
  to   space 12992K,   0% used [0x00000000a8a10000, 0x00000000a8a10000, 0x00000000a96c0000)
 tenured generation   total 260864K, used 35027K [0x00000000c1800000, 0x00000000d16c0000, 0x0000000100000000)
   the space 260864K,  13% used [0x00000000c1800000, 0x00000000c3a34fe0, 0x00000000c3a35000, 0x00000000d16c0000)
 Metaspace       used 41606K, capacity 42062K, committed 42368K, reserved 1085440K
  class space    used 6050K, capacity 6151K, committed 6272K, reserved 1048576K
}
Event: 12.823 GC heap before
{Heap before GC invocations=160 (full 2):
 def new generation   total 117504K, used 108946K [0x00000000a2400000, 0x00000000aa370000, 0x00000000c1800000)
  eden space 104512K,  99% used [0x00000000a2400000, 0x00000000a8a05ea8, 0x00000000a8a10000)
  from space 12992K,  34% used [0x00000000a96c0000, 0x00000000a9b1ec10, 0x00000000aa370000)
  to   space 12992K,   0% used [0x00000000a8a10000, 0x00000000a8a10000, 0x00000000a96c0000)
 tenured generation   total 260864K, used 35027K [0x00000000c1800000, 0x00000000d16c0000, 0x0000000100000000)
   the space 260864K,  13% used [0x00000000c1800000, 0x00000000c3a34fe0, 0x00000000c3a35000, 0x00000000d16c0000)
 Metaspace       used 42176K, capacity 42758K, committed 42880K, reserved 1085440K
  class space    used 6122K, capacity 6251K, committed 6272K, reserved 1048576K
Event: 12.837 GC heap after
Heap after GC invocations=161 (full 2):
 def new generation   total 117504K, used 8113K [0x00000000a2400000, 0x00000000aa370000, 0x00000000c1800000)
  eden space 104512K,   0% used [0x00000000a2400000, 0x00000000a2400000, 0x00000000a8a10000)
  from space 12992K,  62% used [0x00000000a8a10000, 0x00000000a91fc570, 0x00000000a96c0000)
  to   space 12992K,   0% used [0x00000000a96c0000, 0x00000000a96c0000, 0x00000000aa370000)
 tenured generation   total 260864K, used 35027K [0x00000000c1800000, 0x00000000d16c0000, 0x0000000100000000)
   the space 260864K,  13% used [0x00000000c1800000, 0x00000000c3a34fe0, 0x00000000c3a35000, 0x00000000d16c0000)
 Metaspace       used 42176K, capacity 42758K, committed 42880K, reserved 1085440K
  class space    used 6122K, capacity 6251K, committed 6272K, reserved 1048576K
}

