# JRE version: Java(TM) SE Runtime Environment (8.0_05-b13) (build 1.8.0_05-b13)
# Java VM: Java HotSpot(TM) 64-Bit Server VM (25.5-b02 mixed mode windows-amd64 compressed oops)
Heap:
 def new generation   total 117504K, used 18681K [0x00000000a2400000, 0x00000000aa370000, 0x00000000c1800000)
  eden space 104512K,  10% used [0x00000000a2400000, 0x00000000a2e5f680, 0x00000000a8a10000)
  from space 12992K,  62% used [0x00000000a8a10000, 0x00000000a91eee40, 0x00000000a96c0000)
  to   space 12992K,   0% used [0x00000000a96c0000, 0x00000000a96c0000, 0x00000000aa370000)
 tenured generation   total 260864K, used 36069K [0x00000000c1800000, 0x00000000d16c0000, 0x0000000100000000)
   the space 260864K,  13% used [0x00000000c1800000, 0x00000000c3b39470, 0x00000000c3b39600, 0x00000000d16c0000)
 Metaspace       used 42793K, capacity 43340K, committed 43520K, reserved 1087488K
  class space    used 6251K, capacity 6380K, committed 6400K, reserved 1048576K
GC Heap History (10 events):
Event: 8.299 GC heap before
{Heap before GC invocations=146 (full 2):
 def new generation   total 117504K, used 113168K [0x00000000a2400000, 0x00000000aa370000, 0x00000000c1800000)
  eden space 104512K, 100% used [0x00000000a2400000, 0x00000000a8a10000, 0x00000000a8a10000)
  from space 12992K,  66% used [0x00000000a96c0000, 0x00000000a9f34160, 0x00000000aa370000)
  to   space 12992K,   0% used [0x00000000a8a10000, 0x00000000a8a10000, 0x00000000a96c0000)
 tenured generation   total 260864K, used 35493K [0x00000000c1800000, 0x00000000d16c0000, 0x0000000100000000)
   the space 260864K,  13% used [0x00000000c1800000, 0x00000000c3aa9628, 0x00000000c3aa9800, 0x00000000d16c0000)
 Metaspace       used 38248K, capacity 38752K, committed 39040K, reserved 1083392K
  class space    used 5591K, capacity 5719K, committed 5760K, reserved 1048576K
Event: 8.326 GC heap after
Heap after GC invocations=147 (full 2):
 def new generation   total 117504K, used 8360K [0x00000000a2400000, 0x00000000aa370000, 0x00000000c1800000)
  eden space 104512K,   0% used [0x00000000a2400000, 0x00000000a2400000, 0x00000000a8a10000)
  from space 12992K,  64% used [0x00000000a8a10000, 0x00000000a923a3c8, 0x00000000a96c0000)
  to   space 12992K,   0% used [0x00000000a96c0000, 0x00000000a96c0000, 0x00000000aa370000)
 tenured generation   total 260864K, used 35716K [0x00000000c1800000, 0x00000000d16c0000, 0x0000000100000000)
   the space 260864K,  13% used [0x00000000c1800000, 0x00000000c3ae1280, 0x00000000c3ae1400, 0x00000000d16c0000)
 Metaspace       used 38248K, capacity 38752K, committed 39040K, reserved 1083392K
  class space    used 5591K, capacity 5719K, committed 5760K, reserved 1048576K
}
Event: 8.624 GC heap before
{Heap before GC invocations=147 (full 2):
 def new generation   total 117504K, used 112872K [0x00000000a2400000, 0x00000000aa370000, 0x00000000c1800000)
  eden space 104512K, 100% used [0x00000000a2400000, 0x00000000a8a10000, 0x00000000a8a10000)
  from space 12992K,  64% used [0x00000000a8a10000, 0x00000000a923a3c8, 0x00000000a96c0000)
  to   space 12992K,   0% used [0x00000000a96c0000, 0x00000000a96c0000, 0x00000000aa370000)
 tenured generation   total 260864K, used 35716K [0x00000000c1800000, 0x00000000d16c0000, 0x0000000100000000)
   the space 260864K,  13% used [0x00000000c1800000, 0x00000000c3ae1280, 0x00000000c3ae1400, 0x00000000d16c0000)
 Metaspace       used 38786K, capacity 39294K, committed 39680K, reserved 1083392K
  class space    used 5674K, capacity 5788K, committed 5888K, reserved 1048576K
Event: 8.628 GC heap after
Heap after GC invocations=148 (full 2):
 def new generation   total 117504K, used 989K [0x00000000a2400000, 0x00000000aa370000, 0x00000000c1800000)
  eden space 104512K,   0% used [0x00000000a2400000, 0x00000000a2400000, 0x00000000a8a10000)
  from space 12992K,   7% used [0x00000000a96c0000, 0x00000000a97b77f0, 0x00000000aa370000)
  to   space 12992K,   0% used [0x00000000a8a10000, 0x00000000a8a10000, 0x00000000a96c0000)
 tenured generation   total 260864K, used 36069K [0x00000000c1800000, 0x00000000d16c0000, 0x0000000100000000)
   the space 260864K,  13% used [0x00000000c1800000, 0x00000000c3b39470, 0x00000000c3b39600, 0x00000000d16c0000)
 Metaspace       used 38786K, capacity 39294K, committed 39680K, reserved 1083392K
  class space    used 5674K, capacity 5788K, committed 5888K, reserved 1048576K
}
Event: 8.934 GC heap before
{Heap before GC invocations=148 (full 2):
 def new generation   total 117504K, used 105501K [0x00000000a2400000, 0x00000000aa370000, 0x00000000c1800000)
  eden space 104512K, 100% used [0x00000000a2400000, 0x00000000a8a10000, 0x00000000a8a10000)
  from space 12992K,   7% used [0x00000000a96c0000, 0x00000000a97b77f0, 0x00000000aa370000)
  to   space 12992K,   0% used [0x00000000a8a10000, 0x00000000a8a10000, 0x00000000a96c0000)
 tenured generation   total 260864K, used 36069K [0x00000000c1800000, 0x00000000d16c0000, 0x0000000100000000)
   the space 260864K,  13% used [0x00000000c1800000, 0x00000000c3b39470, 0x00000000c3b39600, 0x00000000d16c0000)
 Metaspace       used 38972K, capacity 39460K, committed 39680K, reserved 1083392K
  class space    used 5706K, capacity 5821K, committed 5888K, reserved 1048576K
Event: 8.937 GC heap after
Heap after GC invocations=149 (full 2):
 def new generation   total 117504K, used 990K [0x00000000a2400000, 0x00000000aa370000, 0x00000000c1800000)
  eden space 104512K,   0% used [0x00000000a2400000, 0x00000000a2400000, 0x00000000a8a10000)
  from space 12992K,   7% used [0x00000000a8a10000, 0x00000000a8b07a90, 0x00000000a96c0000)
  to   space 12992K,   0% used [0x00000000a96c0000, 0x00000000a96c0000, 0x00000000aa370000)
 tenured generation   total 260864K, used 36069K [0x00000000c1800000, 0x00000000d16c0000, 0x0000000100000000)
   the space 260864K,  13% used [0x00000000c1800000, 0x00000000c3b39470, 0x00000000c3b39600, 0x00000000d16c0000)
 Metaspace       used 38972K, capacity 39460K, committed 39680K, reserved 1083392K
  class space    used 5706K, capacity 5821K, committed 5888K, reserved 1048576K
}
Event: 9.653 GC heap before
{Heap before GC invocations=149 (full 2):
 def new generation   total 117504K, used 105502K [0x00000000a2400000, 0x00000000aa370000, 0x00000000c1800000)
  eden space 104512K, 100% used [0x00000000a2400000, 0x00000000a8a10000, 0x00000000a8a10000)
  from space 12992K,   7% used [0x00000000a8a10000, 0x00000000a8b07a90, 0x00000000a96c0000)
  to   space 12992K,   0% used [0x00000000a96c0000, 0x00000000a96c0000, 0x00000000aa370000)
 tenured generation   total 260864K, used 36069K [0x00000000c1800000, 0x00000000d16c0000, 0x0000000100000000)
   the space 260864K,  13% used [0x00000000c1800000, 0x00000000c3b39470, 0x00000000c3b39600, 0x00000000d16c0000)
 Metaspace       used 41685K, capacity 42158K, committed 42368K, reserved 1085440K
  class space    used 6071K, capacity 6183K, committed 6272K, reserved 1048576K
Event: 9.664 GC heap after
Heap after GC invocations=150 (full 2):
 def new generation   total 117504K, used 4601K [0x00000000a2400000, 0x00000000aa370000, 0x00000000c1800000)
  eden space 104512K,   0% used [0x00000000a2400000, 0x00000000a2400000, 0x00000000a8a10000)
  from space 12992K,  35% used [0x00000000a96c0000, 0x00000000a9b3e760, 0x00000000aa370000)
  to   space 12992K,   0% used [0x00000000a8a10000, 0x00000000a8a10000, 0x00000000a96c0000)
 tenured generation   total 260864K, used 36069K [0x00000000c1800000, 0x00000000d16c0000, 0x0000000100000000)
   the space 260864K,  13% used [0x00000000c1800000, 0x00000000c3b39470, 0x00000000c3b39600, 0x00000000d16c0000)
 Metaspace       used 41685K, capacity 42158K, committed 42368K, reserved 1085440K
  class space    used 6071K, capacity 6183K, committed 6272K, reserved 1048576K
}
Event: 10.495 GC heap before
{Heap before GC invocations=150 (full 2):
 def new generation   total 117504K, used 109113K [0x00000000a2400000, 0x00000000aa370000, 0x00000000c1800000)
  eden space 104512K, 100% used [0x00000000a2400000, 0x00000000a8a10000, 0x00000000a8a10000)
  from space 12992K,  35% used [0x00000000a96c0000, 0x00000000a9b3e760, 0x00000000aa370000)
  to   space 12992K,   0% used [0x00000000a8a10000, 0x00000000a8a10000, 0x00000000a96c0000)
 tenured generation   total 260864K, used 36069K [0x00000000c1800000, 0x00000000d16c0000, 0x0000000100000000)
   the space 260864K,  13% used [0x00000000c1800000, 0x00000000c3b39470, 0x00000000c3b39600, 0x00000000d16c0000)
 Metaspace       used 42169K, capacity 42694K, committed 42880K, reserved 1085440K
  class space    used 6135K, capacity 6251K, committed 6272K, reserved 1048576K
Event: 10.509 GC heap after
Heap after GC invocations=151 (full 2):
 def new generation   total 117504K, used 8059K [0x00000000a2400000, 0x00000000aa370000, 0x00000000c1800000)
  eden space 104512K,   0% used [0x00000000a2400000, 0x00000000a2400000, 0x00000000a8a10000)
  from space 12992K,  62% used [0x00000000a8a10000, 0x00000000a91eee40, 0x00000000a96c0000)
  to   space 12992K,   0% used [0x00000000a96c0000, 0x00000000a96c0000, 0x00000000aa370000)
 tenured generation   total 260864K, used 36069K [0x00000000c1800000, 0x00000000d16c0000, 0x0000000100000000)
   the space 260864K,  13% used [0x00000000c1800000, 0x00000000c3b39470, 0x00000000c3b39600, 0x00000000d16c0000)
 Metaspace       used 42169K, capacity 42694K, committed 42880K, reserved 1085440K
  class space    used 6135K, capacity 6251K, committed 6272K, reserved 1048576K
}

