# JRE version: Java(TM) SE Runtime Environment (8.0_05-b13) (build 1.8.0_05-b13)
# Java VM: Java HotSpot(TM) 64-Bit Server VM (25.5-b02 mixed mode windows-amd64 compressed oops)
Heap:
 def new generation   total 117504K, used 86125K [0x00000000a2400000, 0x00000000aa370000, 0x00000000c1800000)
  eden space 104512K,  77% used [0x00000000a2400000, 0x00000000a72e7a78, 0x00000000a8a10000)
  from space 12992K,  41% used [0x00000000a96c0000, 0x00000000a9bf3d20, 0x00000000aa370000)
  to   space 12992K,   0% used [0x00000000a8a10000, 0x00000000a8a10000, 0x00000000a96c0000)
 tenured generation   total 260864K, used 27767K [0x00000000c1800000, 0x00000000d16c0000, 0x0000000100000000)
   the space 260864K,  10% used [0x00000000c1800000, 0x00000000c331df28, 0x00000000c331e000, 0x00000000d16c0000)
 Metaspace       used 42202K, capacity 42790K, committed 43008K, reserved 1085440K
  class space    used 6177K, capacity 6283K, committed 6400K, reserved 1048576K
GC Heap History (10 events):
Event: 6.690 GC heap before
{Heap before GC invocations=147 (full 2):
 def new generation   total 117504K, used 113116K [0x00000000a2400000, 0x00000000aa370000, 0x00000000c1800000)
  eden space 104512K, 100% used [0x00000000a2400000, 0x00000000a8a10000, 0x00000000a8a10000)
  from space 12992K,  66% used [0x00000000a8a10000, 0x00000000a9277330, 0x00000000a96c0000)
  to   space 12992K,   0% used [0x00000000a96c0000, 0x00000000a96c0000, 0x00000000aa370000)
 tenured generation   total 260864K, used 26569K [0x00000000c1800000, 0x00000000d16c0000, 0x0000000100000000)
   the space 260864K,  10% used [0x00000000c1800000, 0x00000000c31f2750, 0x00000000c31f2800, 0x00000000d16c0000)
 Metaspace       used 37394K, capacity 37850K, committed 38144K, reserved 1081344K
  class space    used 5482K, capacity 5590K, committed 5632K, reserved 1048576K
Event: 6.715 GC heap after
Heap after GC invocations=148 (full 2):
 def new generation   total 117504K, used 8648K [0x00000000a2400000, 0x00000000aa370000, 0x00000000c1800000)
  eden space 104512K,   0% used [0x00000000a2400000, 0x00000000a2400000, 0x00000000a8a10000)
  from space 12992K,  66% used [0x00000000a96c0000, 0x00000000a9f32168, 0x00000000aa370000)
  to   space 12992K,   0% used [0x00000000a8a10000, 0x00000000a8a10000, 0x00000000a96c0000)
 tenured generation   total 260864K, used 26780K [0x00000000c1800000, 0x00000000d16c0000, 0x0000000100000000)
   the space 260864K,  10% used [0x00000000c1800000, 0x00000000c32270d0, 0x00000000c3227200, 0x00000000d16c0000)
 Metaspace       used 37394K, capacity 37850K, committed 38144K, reserved 1081344K
  class space    used 5482K, capacity 5590K, committed 5632K, reserved 1048576K
}
Event: 7.224 GC heap before
{Heap before GC invocations=148 (full 2):
 def new generation   total 117504K, used 113160K [0x00000000a2400000, 0x00000000aa370000, 0x00000000c1800000)
  eden space 104512K, 100% used [0x00000000a2400000, 0x00000000a8a10000, 0x00000000a8a10000)
  from space 12992K,  66% used [0x00000000a96c0000, 0x00000000a9f32168, 0x00000000aa370000)
  to   space 12992K,   0% used [0x00000000a8a10000, 0x00000000a8a10000, 0x00000000a96c0000)
 tenured generation   total 260864K, used 26780K [0x00000000c1800000, 0x00000000d16c0000, 0x0000000100000000)
   the space 260864K,  10% used [0x00000000c1800000, 0x00000000c32270d0, 0x00000000c3227200, 0x00000000d16c0000)
 Metaspace       used 38163K, capacity 38616K, committed 38784K, reserved 1083392K
  class space    used 5594K, capacity 5691K, committed 5760K, reserved 1048576K
Event: 7.245 GC heap after
Heap after GC invocations=149 (full 2):
 def new generation   total 117504K, used 7771K [0x00000000a2400000, 0x00000000aa370000, 0x00000000c1800000)
  eden space 104512K,   0% used [0x00000000a2400000, 0x00000000a2400000, 0x00000000a8a10000)
  from space 12992K,  59% used [0x00000000a8a10000, 0x00000000a91a6ed8, 0x00000000a96c0000)
  to   space 12992K,   0% used [0x00000000a96c0000, 0x00000000a96c0000, 0x00000000aa370000)
 tenured generation   total 260864K, used 27026K [0x00000000c1800000, 0x00000000d16c0000, 0x0000000100000000)
   the space 260864K,  10% used [0x00000000c1800000, 0x00000000c3264a08, 0x00000000c3264c00, 0x00000000d16c0000)
 Metaspace       used 38163K, capacity 38616K, committed 38784K, reserved 1083392K
  class space    used 5594K, capacity 5691K, committed 5760K, reserved 1048576K
}
Event: 7.470 GC heap before
{Heap before GC invocations=149 (full 2):
 def new generation   total 117504K, used 112283K [0x00000000a2400000, 0x00000000aa370000, 0x00000000c1800000)
  eden space 104512K, 100% used [0x00000000a2400000, 0x00000000a8a10000, 0x00000000a8a10000)
  from space 12992K,  59% used [0x00000000a8a10000, 0x00000000a91a6ed8, 0x00000000a96c0000)
  to   space 12992K,   0% used [0x00000000a96c0000, 0x00000000a96c0000, 0x00000000aa370000)
 tenured generation   total 260864K, used 27026K [0x00000000c1800000, 0x00000000d16c0000, 0x0000000100000000)
   the space 260864K,  10% used [0x00000000c1800000, 0x00000000c3264a08, 0x00000000c3264c00, 0x00000000d16c0000)
 Metaspace       used 38240K, capacity 38744K, committed 39040K, reserved 1083392K
  class space    used 5601K, capacity 5691K, committed 5760K, reserved 1048576K
Event: 7.474 GC heap after
Heap after GC invocations=150 (full 2):
 def new generation   total 117504K, used 137K [0x00000000a2400000, 0x00000000aa370000, 0x00000000c1800000)
  eden space 104512K,   0% used [0x00000000a2400000, 0x00000000a2400000, 0x00000000a8a10000)
  from space 12992K,   1% used [0x00000000a96c0000, 0x00000000a96e26d8, 0x00000000aa370000)
  to   space 12992K,   0% used [0x00000000a8a10000, 0x00000000a8a10000, 0x00000000a96c0000)
 tenured generation   total 260864K, used 27767K [0x00000000c1800000, 0x00000000d16c0000, 0x0000000100000000)
   the space 260864K,  10% used [0x00000000c1800000, 0x00000000c331df28, 0x00000000c331e000, 0x00000000d16c0000)
 Metaspace       used 38240K, capacity 38744K, committed 39040K, reserved 1083392K
  class space    used 5601K, capacity 5691K, committed 5760K, reserved 1048576K
}
Event: 7.770 GC heap before
{Heap before GC invocations=150 (full 2):
 def new generation   total 117504K, used 104649K [0x00000000a2400000, 0x00000000aa370000, 0x00000000c1800000)
  eden space 104512K, 100% used [0x00000000a2400000, 0x00000000a8a10000, 0x00000000a8a10000)
  from space 12992K,   1% used [0x00000000a96c0000, 0x00000000a96e26d8, 0x00000000aa370000)
  to   space 12992K,   0% used [0x00000000a8a10000, 0x00000000a8a10000, 0x00000000a96c0000)
 tenured generation   total 260864K, used 27767K [0x00000000c1800000, 0x00000000d16c0000, 0x0000000100000000)
   the space 260864K,  10% used [0x00000000c1800000, 0x00000000c331df28, 0x00000000c331e000, 0x00000000d16c0000)
 Metaspace       used 38413K, capacity 38910K, committed 39040K, reserved 1083392K
  class space    used 5633K, capacity 5724K, committed 5760K, reserved 1048576K
Event: 7.774 GC heap after
Heap after GC invocations=151 (full 2):
 def new generation   total 117504K, used 615K [0x00000000a2400000, 0x00000000aa370000, 0x00000000c1800000)
  eden space 104512K,   0% used [0x00000000a2400000, 0x00000000a2400000, 0x00000000a8a10000)
  from space 12992K,   4% used [0x00000000a8a10000, 0x00000000a8aa9c28, 0x00000000a96c0000)
  to   space 12992K,   0% used [0x00000000a96c0000, 0x00000000a96c0000, 0x00000000aa370000)
 tenured generation   total 260864K, used 27767K [0x00000000c1800000, 0x00000000d16c0000, 0x0000000100000000)
   the space 260864K,  10% used [0x00000000c1800000, 0x00000000c331df28, 0x00000000c331e000, 0x00000000d16c0000)
 Metaspace       used 38413K, capacity 38910K, committed 39040K, reserved 1083392K
  class space    used 5633K, capacity 5724K, committed 5760K, reserved 1048576K
}
Event: 8.930 GC heap before
{Heap before GC invocations=151 (full 2):
 def new generation   total 117504K, used 105127K [0x00000000a2400000, 0x00000000aa370000, 0x00000000c1800000)
  eden space 104512K, 100% used [0x00000000a2400000, 0x00000000a8a10000, 0x00000000a8a10000)
  from space 12992K,   4% used [0x00000000a8a10000, 0x00000000a8aa9c28, 0x00000000a96c0000)
  to   space 12992K,   0% used [0x00000000a96c0000, 0x00000000a96c0000, 0x00000000aa370000)
 tenured generation   total 260864K, used 27767K [0x00000000c1800000, 0x00000000d16c0000, 0x0000000100000000)
   the space 260864K,  10% used [0x00000000c1800000, 0x00000000c331df28, 0x00000000c331e000, 0x00000000d16c0000)
 Metaspace       used 41188K, capacity 41736K, committed 42112K, reserved 1085440K
  class space    used 6004K, capacity 6150K, committed 6272K, reserved 1048576K
Event: 8.944 GC heap after
Heap after GC invocations=152 (full 2):
 def new generation   total 117504K, used 5327K [0x00000000a2400000, 0x00000000aa370000, 0x00000000c1800000)
  eden space 104512K,   0% used [0x00000000a2400000, 0x00000000a2400000, 0x00000000a8a10000)
  from space 12992K,  41% used [0x00000000a96c0000, 0x00000000a9bf3d20, 0x00000000aa370000)
  to   space 12992K,   0% used [0x00000000a8a10000, 0x00000000a8a10000, 0x00000000a96c0000)
 tenured generation   total 260864K, used 27767K [0x00000000c1800000, 0x00000000d16c0000, 0x0000000100000000)
   the space 260864K,  10% used [0x00000000c1800000, 0x00000000c331df28, 0x00000000c331e000, 0x00000000d16c0000)
 Metaspace       used 41188K, capacity 41736K, committed 42112K, reserved 1085440K
  class space    used 6004K, capacity 6150K, committed 6272K, reserved 1048576K
}

