# JRE version: Java(TM) SE Runtime Environment (8.0_05-b13) (build 1.8.0_05-b13)
# Java VM: Java HotSpot(TM) 64-Bit Server VM (25.5-b02 mixed mode windows-amd64 compressed oops)
Heap:
 def new generation   total 117504K, used 102624K [0x00000000a2400000, 0x00000000aa370000, 0x00000000c1800000)
  eden space 104512K,  93% used [0x00000000a2400000, 0x00000000a831d380, 0x00000000a8a10000)
  from space 12992K,  40% used [0x00000000a96c0000, 0x00000000a9bdaf60, 0x00000000aa370000)
  to   space 12992K,   0% used [0x00000000a8a10000, 0x00000000a8a10000, 0x00000000a96c0000)
 tenured generation   total 260864K, used 27028K [0x00000000c1800000, 0x00000000d16c0000, 0x0000000100000000)
   the space 260864K,  10% used [0x00000000c1800000, 0x00000000c32653c0, 0x00000000c3265400, 0x00000000d16c0000)
 Metaspace       used 42265K, capacity 42854K, committed 43264K, reserved 1085440K
  class space    used 6181K, capacity 6283K, committed 6400K, reserved 1048576K
GC Heap History (10 events):
Event: 8.439 GC heap before
{Heap before GC invocations=148 (full 2):
 def new generation   total 117504K, used 113053K [0x00000000a2400000, 0x00000000aa370000, 0x00000000c1800000)
  eden space 104512K, 100% used [0x00000000a2400000, 0x00000000a8a10000, 0x00000000a8a10000)
  from space 12992K,  65% used [0x00000000a8a10000, 0x00000000a9267548, 0x00000000a96c0000)
  to   space 12992K,   0% used [0x00000000a96c0000, 0x00000000a96c0000, 0x00000000aa370000)
 tenured generation   total 260864K, used 25762K [0x00000000c1800000, 0x00000000d16c0000, 0x0000000100000000)
   the space 260864K,   9% used [0x00000000c1800000, 0x00000000c3128a40, 0x00000000c3128c00, 0x00000000d16c0000)
 Metaspace       used 37461K, capacity 37942K, committed 38144K, reserved 1081344K
  class space    used 5488K, capacity 5622K, committed 5632K, reserved 1048576K
Event: 8.462 GC heap after
Heap after GC invocations=149 (full 2):
 def new generation   total 117504K, used 8659K [0x00000000a2400000, 0x00000000aa370000, 0x00000000c1800000)
  eden space 104512K,   0% used [0x00000000a2400000, 0x00000000a2400000, 0x00000000a8a10000)
  from space 12992K,  66% used [0x00000000a96c0000, 0x00000000a9f34cf0, 0x00000000aa370000)
  to   space 12992K,   0% used [0x00000000a8a10000, 0x00000000a8a10000, 0x00000000a96c0000)
 tenured generation   total 260864K, used 26008K [0x00000000c1800000, 0x00000000d16c0000, 0x0000000100000000)
   the space 260864K,   9% used [0x00000000c1800000, 0x00000000c3166270, 0x00000000c3166400, 0x00000000d16c0000)
 Metaspace       used 37461K, capacity 37942K, committed 38144K, reserved 1081344K
  class space    used 5488K, capacity 5622K, committed 5632K, reserved 1048576K
}
Event: 9.040 GC heap before
{Heap before GC invocations=149 (full 2):
 def new generation   total 117504K, used 113171K [0x00000000a2400000, 0x00000000aa370000, 0x00000000c1800000)
  eden space 104512K, 100% used [0x00000000a2400000, 0x00000000a8a10000, 0x00000000a8a10000)
  from space 12992K,  66% used [0x00000000a96c0000, 0x00000000a9f34cf0, 0x00000000aa370000)
  to   space 12992K,   0% used [0x00000000a8a10000, 0x00000000a8a10000, 0x00000000a96c0000)
 tenured generation   total 260864K, used 26008K [0x00000000c1800000, 0x00000000d16c0000, 0x0000000100000000)
   the space 260864K,   9% used [0x00000000c1800000, 0x00000000c3166270, 0x00000000c3166400, 0x00000000d16c0000)
 Metaspace       used 38259K, capacity 38772K, committed 39040K, reserved 1083392K
  class space    used 5600K, capacity 5723K, committed 5760K, reserved 1048576K
Event: 9.064 GC heap after
Heap after GC invocations=150 (full 2):
 def new generation   total 117504K, used 8012K [0x00000000a2400000, 0x00000000aa370000, 0x00000000c1800000)
  eden space 104512K,   0% used [0x00000000a2400000, 0x00000000a2400000, 0x00000000a8a10000)
  from space 12992K,  61% used [0x00000000a8a10000, 0x00000000a91e30f0, 0x00000000a96c0000)
  to   space 12992K,   0% used [0x00000000a96c0000, 0x00000000a96c0000, 0x00000000aa370000)
 tenured generation   total 260864K, used 26239K [0x00000000c1800000, 0x00000000d16c0000, 0x0000000100000000)
   the space 260864K,  10% used [0x00000000c1800000, 0x00000000c319fc58, 0x00000000c319fe00, 0x00000000d16c0000)
 Metaspace       used 38259K, capacity 38772K, committed 39040K, reserved 1083392K
  class space    used 5600K, capacity 5723K, committed 5760K, reserved 1048576K
}
Event: 9.353 GC heap before
{Heap before GC invocations=150 (full 2):
 def new generation   total 117504K, used 112524K [0x00000000a2400000, 0x00000000aa370000, 0x00000000c1800000)
  eden space 104512K, 100% used [0x00000000a2400000, 0x00000000a8a10000, 0x00000000a8a10000)
  from space 12992K,  61% used [0x00000000a8a10000, 0x00000000a91e30f0, 0x00000000a96c0000)
  to   space 12992K,   0% used [0x00000000a96c0000, 0x00000000a96c0000, 0x00000000aa370000)
 tenured generation   total 260864K, used 26239K [0x00000000c1800000, 0x00000000d16c0000, 0x0000000100000000)
   the space 260864K,  10% used [0x00000000c1800000, 0x00000000c319fc58, 0x00000000c319fe00, 0x00000000d16c0000)
 Metaspace       used 38334K, capacity 38836K, committed 39040K, reserved 1083392K
  class space    used 5607K, capacity 5723K, committed 5760K, reserved 1048576K
Event: 9.358 GC heap after
Heap after GC invocations=151 (full 2):
 def new generation   total 117504K, used 207K [0x00000000a2400000, 0x00000000aa370000, 0x00000000c1800000)
  eden space 104512K,   0% used [0x00000000a2400000, 0x00000000a2400000, 0x00000000a8a10000)
  from space 12992K,   1% used [0x00000000a96c0000, 0x00000000a96f3e78, 0x00000000aa370000)
  to   space 12992K,   0% used [0x00000000a8a10000, 0x00000000a8a10000, 0x00000000a96c0000)
 tenured generation   total 260864K, used 27028K [0x00000000c1800000, 0x00000000d16c0000, 0x0000000100000000)
   the space 260864K,  10% used [0x00000000c1800000, 0x00000000c32653c0, 0x00000000c3265400, 0x00000000d16c0000)
 Metaspace       used 38334K, capacity 38836K, committed 39040K, reserved 1083392K
  class space    used 5607K, capacity 5723K, committed 5760K, reserved 1048576K
}
Event: 9.662 GC heap before
{Heap before GC invocations=151 (full 2):
 def new generation   total 117504K, used 104719K [0x00000000a2400000, 0x00000000aa370000, 0x00000000c1800000)
  eden space 104512K, 100% used [0x00000000a2400000, 0x00000000a8a10000, 0x00000000a8a10000)
  from space 12992K,   1% used [0x00000000a96c0000, 0x00000000a96f3e78, 0x00000000aa370000)
  to   space 12992K,   0% used [0x00000000a8a10000, 0x00000000a8a10000, 0x00000000a96c0000)
 tenured generation   total 260864K, used 27028K [0x00000000c1800000, 0x00000000d16c0000, 0x0000000100000000)
   the space 260864K,  10% used [0x00000000c1800000, 0x00000000c32653c0, 0x00000000c3265400, 0x00000000d16c0000)
 Metaspace       used 38510K, capacity 39002K, committed 39296K, reserved 1083392K
  class space    used 5639K, capacity 5756K, committed 5760K, reserved 1048576K
Event: 9.665 GC heap after
Heap after GC invocations=152 (full 2):
 def new generation   total 117504K, used 636K [0x00000000a2400000, 0x00000000aa370000, 0x00000000c1800000)
  eden space 104512K,   0% used [0x00000000a2400000, 0x00000000a2400000, 0x00000000a8a10000)
  from space 12992K,   4% used [0x00000000a8a10000, 0x00000000a8aaf0e0, 0x00000000a96c0000)
  to   space 12992K,   0% used [0x00000000a96c0000, 0x00000000a96c0000, 0x00000000aa370000)
 tenured generation   total 260864K, used 27028K [0x00000000c1800000, 0x00000000d16c0000, 0x0000000100000000)
   the space 260864K,  10% used [0x00000000c1800000, 0x00000000c32653c0, 0x00000000c3265400, 0x00000000d16c0000)
 Metaspace       used 38510K, capacity 39002K, committed 39296K, reserved 1083392K
  class space    used 5639K, capacity 5756K, committed 5760K, reserved 1048576K
}
Event: 10.520 GC heap before
{Heap before GC invocations=152 (full 2):
 def new generation   total 117504K, used 105148K [0x00000000a2400000, 0x00000000aa370000, 0x00000000c1800000)
  eden space 104512K, 100% used [0x00000000a2400000, 0x00000000a8a10000, 0x00000000a8a10000)
  from space 12992K,   4% used [0x00000000a8a10000, 0x00000000a8aaf0e0, 0x00000000a96c0000)
  to   space 12992K,   0% used [0x00000000a96c0000, 0x00000000a96c0000, 0x00000000aa370000)
 tenured generation   total 260864K, used 27028K [0x00000000c1800000, 0x00000000d16c0000, 0x0000000100000000)
   the space 260864K,  10% used [0x00000000c1800000, 0x00000000c32653c0, 0x00000000c3265400, 0x00000000d16c0000)
 Metaspace       used 41237K, capacity 41828K, committed 41984K, reserved 1085440K
  class space    used 6005K, capacity 6118K, committed 6144K, reserved 1048576K
Event: 10.529 GC heap after
Heap after GC invocations=153 (full 2):
 def new generation   total 117504K, used 5227K [0x00000000a2400000, 0x00000000aa370000, 0x00000000c1800000)
  eden space 104512K,   0% used [0x00000000a2400000, 0x00000000a2400000, 0x00000000a8a10000)
  from space 12992K,  40% used [0x00000000a96c0000, 0x00000000a9bdaf60, 0x00000000aa370000)
  to   space 12992K,   0% used [0x00000000a8a10000, 0x00000000a8a10000, 0x00000000a96c0000)
 tenured generation   total 260864K, used 27028K [0x00000000c1800000, 0x00000000d16c0000, 0x0000000100000000)
   the space 260864K,  10% used [0x00000000c1800000, 0x00000000c32653c0, 0x00000000c3265400, 0x00000000d16c0000)
 Metaspace       used 41237K, capacity 41828K, committed 41984K, reserved 1085440K
  class space    used 6005K, capacity 6118K, committed 6144K, reserved 1048576K
}

