# JRE version: Java(TM) SE Runtime Environment (8.0_05-b13) (build 1.8.0_05-b13)
# Java VM: Java HotSpot(TM) 64-Bit Server VM (25.5-b02 mixed mode windows-amd64 compressed oops)
Heap:
 def new generation   total 117504K, used 26168K [0x00000000a2400000, 0x00000000aa370000, 0x00000000c1800000)
  eden space 104512K,  17% used [0x00000000a2400000, 0x00000000a35f4ed0, 0x00000000a8a10000)
  from space 12992K,  59% used [0x00000000a8a10000, 0x00000000a91a9210, 0x00000000a96c0000)
  to   space 12992K,   0% used [0x00000000a96c0000, 0x00000000a96c0000, 0x00000000aa370000)
 tenured generation   total 260864K, used 35116K [0x00000000c1800000, 0x00000000d16c0000, 0x0000000100000000)
   the space 260864K,  13% used [0x00000000c1800000, 0x00000000c3a4b1d0, 0x00000000c3a4b200, 0x00000000d16c0000)
 Metaspace       used 42647K, capacity 43240K, committed 43520K, reserved 1087488K
  class space    used 6216K, capacity 6348K, committed 6400K, reserved 1048576K
GC Heap History (10 events):
Event: 8.797 GC heap before
{Heap before GC invocations=156 (full 2):
 def new generation   total 117504K, used 113177K [0x00000000a2400000, 0x00000000aa370000, 0x00000000c1800000)
  eden space 104512K, 100% used [0x00000000a2400000, 0x00000000a8a10000, 0x00000000a8a10000)
  from space 12992K,  66% used [0x00000000a96c0000, 0x00000000a9f36558, 0x00000000aa370000)
  to   space 12992K,   0% used [0x00000000a8a10000, 0x00000000a8a10000, 0x00000000a96c0000)
 tenured generation   total 260864K, used 34663K [0x00000000c1800000, 0x00000000d16c0000, 0x0000000100000000)
   the space 260864K,  13% used [0x00000000c1800000, 0x00000000c39d9df0, 0x00000000c39d9e00, 0x00000000d16c0000)
 Metaspace       used 37906K, capacity 38392K, committed 38656K, reserved 1083392K
  class space    used 5524K, capacity 5623K, committed 5632K, reserved 1048576K
Event: 8.824 GC heap after
Heap after GC invocations=157 (full 2):
 def new generation   total 117504K, used 8509K [0x00000000a2400000, 0x00000000aa370000, 0x00000000c1800000)
  eden space 104512K,   0% used [0x00000000a2400000, 0x00000000a2400000, 0x00000000a8a10000)
  from space 12992K,  65% used [0x00000000a8a10000, 0x00000000a925f548, 0x00000000a96c0000)
  to   space 12992K,   0% used [0x00000000a96c0000, 0x00000000a96c0000, 0x00000000aa370000)
 tenured generation   total 260864K, used 34907K [0x00000000c1800000, 0x00000000d16c0000, 0x0000000100000000)
   the space 260864K,  13% used [0x00000000c1800000, 0x00000000c3a16d70, 0x00000000c3a16e00, 0x00000000d16c0000)
 Metaspace       used 37906K, capacity 38392K, committed 38656K, reserved 1083392K
  class space    used 5524K, capacity 5623K, committed 5632K, reserved 1048576K
}
Event: 9.258 GC heap before
{Heap before GC invocations=157 (full 2):
 def new generation   total 117504K, used 113021K [0x00000000a2400000, 0x00000000aa370000, 0x00000000c1800000)
  eden space 104512K, 100% used [0x00000000a2400000, 0x00000000a8a10000, 0x00000000a8a10000)
  from space 12992K,  65% used [0x00000000a8a10000, 0x00000000a925f548, 0x00000000a96c0000)
  to   space 12992K,   0% used [0x00000000a96c0000, 0x00000000a96c0000, 0x00000000aa370000)
 tenured generation   total 260864K, used 34907K [0x00000000c1800000, 0x00000000d16c0000, 0x0000000100000000)
   the space 260864K,  13% used [0x00000000c1800000, 0x00000000c3a16d70, 0x00000000c3a16e00, 0x00000000d16c0000)
 Metaspace       used 38655K, capacity 39126K, committed 39296K, reserved 1083392K
  class space    used 5635K, capacity 5756K, committed 5760K, reserved 1048576K
Event: 9.263 GC heap after
Heap after GC invocations=158 (full 2):
 def new generation   total 117504K, used 1578K [0x00000000a2400000, 0x00000000aa370000, 0x00000000c1800000)
  eden space 104512K,   0% used [0x00000000a2400000, 0x00000000a2400000, 0x00000000a8a10000)
  from space 12992K,  12% used [0x00000000a96c0000, 0x00000000a984aa50, 0x00000000aa370000)
  to   space 12992K,   0% used [0x00000000a8a10000, 0x00000000a8a10000, 0x00000000a96c0000)
 tenured generation   total 260864K, used 35116K [0x00000000c1800000, 0x00000000d16c0000, 0x0000000100000000)
   the space 260864K,  13% used [0x00000000c1800000, 0x00000000c3a4b1d0, 0x00000000c3a4b200, 0x00000000d16c0000)
 Metaspace       used 38655K, capacity 39126K, committed 39296K, reserved 1083392K
  class space    used 5635K, capacity 5756K, committed 5760K, reserved 1048576K
}
Event: 9.642 GC heap before
{Heap before GC invocations=158 (full 2):
 def new generation   total 117504K, used 106090K [0x00000000a2400000, 0x00000000aa370000, 0x00000000c1800000)
  eden space 104512K, 100% used [0x00000000a2400000, 0x00000000a8a10000, 0x00000000a8a10000)
  from space 12992K,  12% used [0x00000000a96c0000, 0x00000000a984aa50, 0x00000000aa370000)
  to   space 12992K,   0% used [0x00000000a8a10000, 0x00000000a8a10000, 0x00000000a96c0000)
 tenured generation   total 260864K, used 35116K [0x00000000c1800000, 0x00000000d16c0000, 0x0000000100000000)
   the space 260864K,  13% used [0x00000000c1800000, 0x00000000c3a4b1d0, 0x00000000c3a4b200, 0x00000000d16c0000)
 Metaspace       used 38885K, capacity 39356K, committed 39680K, reserved 1083392K
  class space    used 5675K, capacity 5789K, committed 5888K, reserved 1048576K
Event: 9.648 GC heap after
Heap after GC invocations=159 (full 2):
 def new generation   total 117504K, used 1252K [0x00000000a2400000, 0x00000000aa370000, 0x00000000c1800000)
  eden space 104512K,   0% used [0x00000000a2400000, 0x00000000a2400000, 0x00000000a8a10000)
  from space 12992K,   9% used [0x00000000a8a10000, 0x00000000a8b49128, 0x00000000a96c0000)
  to   space 12992K,   0% used [0x00000000a96c0000, 0x00000000a96c0000, 0x00000000aa370000)
 tenured generation   total 260864K, used 35116K [0x00000000c1800000, 0x00000000d16c0000, 0x0000000100000000)
   the space 260864K,  13% used [0x00000000c1800000, 0x00000000c3a4b1d0, 0x00000000c3a4b200, 0x00000000d16c0000)
 Metaspace       used 38885K, capacity 39356K, committed 39680K, reserved 1083392K
  class space    used 5675K, capacity 5789K, committed 5888K, reserved 1048576K
}
Event: 10.405 GC heap before
{Heap before GC invocations=159 (full 2):
 def new generation   total 117504K, used 105764K [0x00000000a2400000, 0x00000000aa370000, 0x00000000c1800000)
  eden space 104512K, 100% used [0x00000000a2400000, 0x00000000a8a10000, 0x00000000a8a10000)
  from space 12992K,   9% used [0x00000000a8a10000, 0x00000000a8b49128, 0x00000000a96c0000)
  to   space 12992K,   0% used [0x00000000a96c0000, 0x00000000a96c0000, 0x00000000aa370000)
 tenured generation   total 260864K, used 35116K [0x00000000c1800000, 0x00000000d16c0000, 0x0000000100000000)
   the space 260864K,  13% used [0x00000000c1800000, 0x00000000c3a4b1d0, 0x00000000c3a4b200, 0x00000000d16c0000)
 Metaspace       used 41558K, capacity 42054K, committed 42368K, reserved 1085440K
  class space    used 6039K, capacity 6151K, committed 6272K, reserved 1048576K
Event: 10.418 GC heap after
Heap after GC invocations=160 (full 2):
 def new generation   total 117504K, used 4369K [0x00000000a2400000, 0x00000000aa370000, 0x00000000c1800000)
  eden space 104512K,   0% used [0x00000000a2400000, 0x00000000a2400000, 0x00000000a8a10000)
  from space 12992K,  33% used [0x00000000a96c0000, 0x00000000a9b04408, 0x00000000aa370000)
  to   space 12992K,   0% used [0x00000000a8a10000, 0x00000000a8a10000, 0x00000000a96c0000)
 tenured generation   total 260864K, used 35116K [0x00000000c1800000, 0x00000000d16c0000, 0x0000000100000000)
   the space 260864K,  13% used [0x00000000c1800000, 0x00000000c3a4b1d0, 0x00000000c3a4b200, 0x00000000d16c0000)
 Metaspace       used 41558K, capacity 42054K, committed 42368K, reserved 1085440K
  class space    used 6039K, capacity 6151K, committed 6272K, reserved 1048576K
}
Event: 11.286 GC heap before
{Heap before GC invocations=160 (full 2):
 def new generation   total 117504K, used 108881K [0x00000000a2400000, 0x00000000aa370000, 0x00000000c1800000)
  eden space 104512K, 100% used [0x00000000a2400000, 0x00000000a8a10000, 0x00000000a8a10000)
  from space 12992K,  33% used [0x00000000a96c0000, 0x00000000a9b04408, 0x00000000aa370000)
  to   space 12992K,   0% used [0x00000000a8a10000, 0x00000000a8a10000, 0x00000000a96c0000)
 tenured generation   total 260864K, used 35116K [0x00000000c1800000, 0x00000000d16c0000, 0x0000000100000000)
   the space 260864K,  13% used [0x00000000c1800000, 0x00000000c3a4b1d0, 0x00000000c3a4b200, 0x00000000d16c0000)
 Metaspace       used 42042K, capacity 42654K, committed 42880K, reserved 1085440K
  class space    used 6100K, capacity 6219K, committed 6272K, reserved 1048576K
Event: 11.297 GC heap after
Heap after GC invocations=161 (full 2):
 def new generation   total 117504K, used 7780K [0x00000000a2400000, 0x00000000aa370000, 0x00000000c1800000)
  eden space 104512K,   0% used [0x00000000a2400000, 0x00000000a2400000, 0x00000000a8a10000)
  from space 12992K,  59% used [0x00000000a8a10000, 0x00000000a91a9210, 0x00000000a96c0000)
  to   space 12992K,   0% used [0x00000000a96c0000, 0x00000000a96c0000, 0x00000000aa370000)
 tenured generation   total 260864K, used 35116K [0x00000000c1800000, 0x00000000d16c0000, 0x0000000100000000)
   the space 260864K,  13% used [0x00000000c1800000, 0x00000000c3a4b1d0, 0x00000000c3a4b200, 0x00000000d16c0000)
 Metaspace       used 42042K, capacity 42654K, committed 42880K, reserved 1085440K
  class space    used 6100K, capacity 6219K, committed 6272K, reserved 1048576K
}

