# JRE version: Java(TM) SE Runtime Environment (8.0_05-b13) (build 1.8.0_05-b13)
# Java VM: Java HotSpot(TM) 64-Bit Server VM (25.5-b02 mixed mode windows-amd64 compressed oops)
Heap:
 def new generation   total 117504K, used 16610K [0x00000000a2400000, 0x00000000aa370000, 0x00000000c1800000)
  eden space 104512K,   7% used [0x00000000a2400000, 0x00000000a2bbd218, 0x00000000a8a10000)
  from space 12992K,  66% used [0x00000000a8a10000, 0x00000000a928b748, 0x00000000a96c0000)
  to   space 12992K,   0% used [0x00000000a96c0000, 0x00000000a96c0000, 0x00000000aa370000)
 tenured generation   total 260864K, used 35271K [0x00000000c1800000, 0x00000000d16c0000, 0x0000000100000000)
   the space 260864K,  13% used [0x00000000c1800000, 0x00000000c3a71c28, 0x00000000c3a71e00, 0x00000000d16c0000)
 Metaspace       used 42654K, capacity 43236K, committed 43520K, reserved 1087488K
  class space    used 6220K, capacity 6348K, committed 6400K, reserved 1048576K
GC Heap History (10 events):
Event: 8.527 GC heap before
{Heap before GC invocations=155 (full 2):
 def new generation   total 117504K, used 113124K [0x00000000a2400000, 0x00000000aa370000, 0x00000000c1800000)
  eden space 104512K, 100% used [0x00000000a2400000, 0x00000000a8a10000, 0x00000000a8a10000)
  from space 12992K,  66% used [0x00000000a96c0000, 0x00000000a9f290a8, 0x00000000aa370000)
  to   space 12992K,   0% used [0x00000000a8a10000, 0x00000000a8a10000, 0x00000000a96c0000)
 tenured generation   total 260864K, used 34811K [0x00000000c1800000, 0x00000000d16c0000, 0x0000000100000000)
   the space 260864K,  13% used [0x00000000c1800000, 0x00000000c39feef8, 0x00000000c39ff000, 0x00000000d16c0000)
 Metaspace       used 37915K, capacity 38388K, committed 38400K, reserved 1081344K
  class space    used 5526K, capacity 5623K, committed 5632K, reserved 1048576K
Event: 8.550 GC heap after
Heap after GC invocations=156 (full 2):
 def new generation   total 117504K, used 8515K [0x00000000a2400000, 0x00000000aa370000, 0x00000000c1800000)
  eden space 104512K,   0% used [0x00000000a2400000, 0x00000000a2400000, 0x00000000a8a10000)
  from space 12992K,  65% used [0x00000000a8a10000, 0x00000000a9260d40, 0x00000000a96c0000)
  to   space 12992K,   0% used [0x00000000a96c0000, 0x00000000a96c0000, 0x00000000aa370000)
 tenured generation   total 260864K, used 35033K [0x00000000c1800000, 0x00000000d16c0000, 0x0000000100000000)
   the space 260864K,  13% used [0x00000000c1800000, 0x00000000c3a36440, 0x00000000c3a36600, 0x00000000d16c0000)
 Metaspace       used 37915K, capacity 38388K, committed 38400K, reserved 1081344K
  class space    used 5526K, capacity 5623K, committed 5632K, reserved 1048576K
}
Event: 8.948 GC heap before
{Heap before GC invocations=156 (full 2):
 def new generation   total 117504K, used 113027K [0x00000000a2400000, 0x00000000aa370000, 0x00000000c1800000)
  eden space 104512K, 100% used [0x00000000a2400000, 0x00000000a8a10000, 0x00000000a8a10000)
  from space 12992K,  65% used [0x00000000a8a10000, 0x00000000a9260d40, 0x00000000a96c0000)
  to   space 12992K,   0% used [0x00000000a96c0000, 0x00000000a96c0000, 0x00000000aa370000)
 tenured generation   total 260864K, used 35033K [0x00000000c1800000, 0x00000000d16c0000, 0x0000000100000000)
   the space 260864K,  13% used [0x00000000c1800000, 0x00000000c3a36440, 0x00000000c3a36600, 0x00000000d16c0000)
 Metaspace       used 38648K, capacity 39122K, committed 39296K, reserved 1083392K
  class space    used 5637K, capacity 5756K, committed 5760K, reserved 1048576K
Event: 8.955 GC heap after
Heap after GC invocations=157 (full 2):
 def new generation   total 117504K, used 1696K [0x00000000a2400000, 0x00000000aa370000, 0x00000000c1800000)
  eden space 104512K,   0% used [0x00000000a2400000, 0x00000000a2400000, 0x00000000a8a10000)
  from space 12992K,  13% used [0x00000000a96c0000, 0x00000000a98680f0, 0x00000000aa370000)
  to   space 12992K,   0% used [0x00000000a8a10000, 0x00000000a8a10000, 0x00000000a96c0000)
 tenured generation   total 260864K, used 35271K [0x00000000c1800000, 0x00000000d16c0000, 0x0000000100000000)
   the space 260864K,  13% used [0x00000000c1800000, 0x00000000c3a71c28, 0x00000000c3a71e00, 0x00000000d16c0000)
 Metaspace       used 38648K, capacity 39122K, committed 39296K, reserved 1083392K
  class space    used 5637K, capacity 5756K, committed 5760K, reserved 1048576K
}
Event: 9.244 GC heap before
{Heap before GC invocations=157 (full 2):
 def new generation   total 117504K, used 106208K [0x00000000a2400000, 0x00000000aa370000, 0x00000000c1800000)
  eden space 104512K, 100% used [0x00000000a2400000, 0x00000000a8a10000, 0x00000000a8a10000)
  from space 12992K,  13% used [0x00000000a96c0000, 0x00000000a98680f0, 0x00000000aa370000)
  to   space 12992K,   0% used [0x00000000a8a10000, 0x00000000a8a10000, 0x00000000a96c0000)
 tenured generation   total 260864K, used 35271K [0x00000000c1800000, 0x00000000d16c0000, 0x0000000100000000)
   the space 260864K,  13% used [0x00000000c1800000, 0x00000000c3a71c28, 0x00000000c3a71e00, 0x00000000d16c0000)
 Metaspace       used 38877K, capacity 39352K, committed 39680K, reserved 1083392K
  class space    used 5676K, capacity 5789K, committed 5888K, reserved 1048576K
Event: 9.248 GC heap after
Heap after GC invocations=158 (full 2):
 def new generation   total 117504K, used 1311K [0x00000000a2400000, 0x00000000aa370000, 0x00000000c1800000)
  eden space 104512K,   0% used [0x00000000a2400000, 0x00000000a2400000, 0x00000000a8a10000)
  from space 12992K,  10% used [0x00000000a8a10000, 0x00000000a8b57ff0, 0x00000000a96c0000)
  to   space 12992K,   0% used [0x00000000a96c0000, 0x00000000a96c0000, 0x00000000aa370000)
 tenured generation   total 260864K, used 35271K [0x00000000c1800000, 0x00000000d16c0000, 0x0000000100000000)
   the space 260864K,  13% used [0x00000000c1800000, 0x00000000c3a71c28, 0x00000000c3a71e00, 0x00000000d16c0000)
 Metaspace       used 38877K, capacity 39352K, committed 39680K, reserved 1083392K
  class space    used 5676K, capacity 5789K, committed 5888K, reserved 1048576K
}
Event: 9.942 GC heap before
{Heap before GC invocations=158 (full 2):
 def new generation   total 117504K, used 105823K [0x00000000a2400000, 0x00000000aa370000, 0x00000000c1800000)
  eden space 104512K, 100% used [0x00000000a2400000, 0x00000000a8a10000, 0x00000000a8a10000)
  from space 12992K,  10% used [0x00000000a8a10000, 0x00000000a8b57ff0, 0x00000000a96c0000)
  to   space 12992K,   0% used [0x00000000a96c0000, 0x00000000a96c0000, 0x00000000aa370000)
 tenured generation   total 260864K, used 35271K [0x00000000c1800000, 0x00000000d16c0000, 0x0000000100000000)
   the space 260864K,  13% used [0x00000000c1800000, 0x00000000c3a71c28, 0x00000000c3a71e00, 0x00000000d16c0000)
 Metaspace       used 41557K, capacity 42050K, committed 42368K, reserved 1085440K
  class space    used 6040K, capacity 6151K, committed 6272K, reserved 1048576K
Event: 9.950 GC heap after
Heap after GC invocations=159 (full 2):
 def new generation   total 117504K, used 4590K [0x00000000a2400000, 0x00000000aa370000, 0x00000000c1800000)
  eden space 104512K,   0% used [0x00000000a2400000, 0x00000000a2400000, 0x00000000a8a10000)
  from space 12992K,  35% used [0x00000000a96c0000, 0x00000000a9b3b818, 0x00000000aa370000)
  to   space 12992K,   0% used [0x00000000a8a10000, 0x00000000a8a10000, 0x00000000a96c0000)
 tenured generation   total 260864K, used 35271K [0x00000000c1800000, 0x00000000d16c0000, 0x0000000100000000)
   the space 260864K,  13% used [0x00000000c1800000, 0x00000000c3a71c28, 0x00000000c3a71e00, 0x00000000d16c0000)
 Metaspace       used 41557K, capacity 42050K, committed 42368K, reserved 1085440K
  class space    used 6040K, capacity 6151K, committed 6272K, reserved 1048576K
}
Event: 10.866 GC heap before
{Heap before GC invocations=159 (full 2):
 def new generation   total 117504K, used 109102K [0x00000000a2400000, 0x00000000aa370000, 0x00000000c1800000)
  eden space 104512K, 100% used [0x00000000a2400000, 0x00000000a8a10000, 0x00000000a8a10000)
  from space 12992K,  35% used [0x00000000a96c0000, 0x00000000a9b3b818, 0x00000000aa370000)
  to   space 12992K,   0% used [0x00000000a8a10000, 0x00000000a8a10000, 0x00000000a96c0000)
 tenured generation   total 260864K, used 35271K [0x00000000c1800000, 0x00000000d16c0000, 0x0000000100000000)
   the space 260864K,  13% used [0x00000000c1800000, 0x00000000c3a71c28, 0x00000000c3a71e00, 0x00000000d16c0000)
 Metaspace       used 42047K, capacity 42650K, committed 42880K, reserved 1085440K
  class space    used 6102K, capacity 6219K, committed 6272K, reserved 1048576K
Event: 10.881 GC heap after
Heap after GC invocations=160 (full 2):
 def new generation   total 117504K, used 8685K [0x00000000a2400000, 0x00000000aa370000, 0x00000000c1800000)
  eden space 104512K,   0% used [0x00000000a2400000, 0x00000000a2400000, 0x00000000a8a10000)
  from space 12992K,  66% used [0x00000000a8a10000, 0x00000000a928b748, 0x00000000a96c0000)
  to   space 12992K,   0% used [0x00000000a96c0000, 0x00000000a96c0000, 0x00000000aa370000)
 tenured generation   total 260864K, used 35271K [0x00000000c1800000, 0x00000000d16c0000, 0x0000000100000000)
   the space 260864K,  13% used [0x00000000c1800000, 0x00000000c3a71c28, 0x00000000c3a71e00, 0x00000000d16c0000)
 Metaspace       used 42047K, capacity 42650K, committed 42880K, reserved 1085440K
  class space    used 6102K, capacity 6219K, committed 6272K, reserved 1048576K
}

