# JRE version: Java(TM) SE Runtime Environment (8.0_05-b13) (build 1.8.0_05-b13)
# Java VM: Java HotSpot(TM) 64-Bit Server VM (25.5-b02 mixed mode windows-amd64 compressed oops)
Heap:
 def new generation   total 117504K, used 76323K [0x00000000a2400000, 0x00000000aa370000, 0x00000000c1800000)
  eden space 104512K,  61% used [0x00000000a2400000, 0x00000000a6303618, 0x00000000a8a10000)
  from space 12992K,  90% used [0x00000000a96c0000, 0x00000000aa245738, 0x00000000aa370000)
  to   space 12992K,   0% used [0x00000000a8a10000, 0x00000000a8a10000, 0x00000000a96c0000)
 tenured generation   total 260864K, used 38076K [0x00000000c1800000, 0x00000000d16c0000, 0x0000000100000000)
   the space 260864K,  14% used [0x00000000c1800000, 0x00000000c3d2f208, 0x00000000c3d2f400, 0x00000000d16c0000)
 Metaspace       used 46962K, capacity 47856K, committed 48232K, reserved 1091584K
  class space    used 6745K, capacity 6916K, committed 7016K, reserved 1048576K
GC Heap History (10 events):
Event: 10.206 GC heap before
{Heap before GC invocations=146 (full 2):
 def new generation   total 117504K, used 105497K [0x00000000a2400000, 0x00000000aa370000, 0x00000000c1800000)
  eden space 104512K, 100% used [0x00000000a2400000, 0x00000000a8a10000, 0x00000000a8a10000)
  from space 12992K,   7% used [0x00000000a8a10000, 0x00000000a8b06718, 0x00000000a96c0000)
  to   space 12992K,   0% used [0x00000000a96c0000, 0x00000000a96c0000, 0x00000000aa370000)
 tenured generation   total 260864K, used 36131K [0x00000000c1800000, 0x00000000d16c0000, 0x0000000100000000)
   the space 260864K,  13% used [0x00000000c1800000, 0x00000000c3b48da8, 0x00000000c3b48e00, 0x00000000d16c0000)
 Metaspace       used 40921K, capacity 41404K, committed 41704K, reserved 1085440K
  class space    used 5931K, capacity 6017K, committed 6120K, reserved 1048576K
Event: 10.217 GC heap after
Heap after GC invocations=147 (full 2):
 def new generation   total 117504K, used 2513K [0x00000000a2400000, 0x00000000aa370000, 0x00000000c1800000)
  eden space 104512K,   0% used [0x00000000a2400000, 0x00000000a2400000, 0x00000000a8a10000)
  from space 12992K,  19% used [0x00000000a96c0000, 0x00000000a99345e8, 0x00000000aa370000)
  to   space 12992K,   0% used [0x00000000a8a10000, 0x00000000a8a10000, 0x00000000a96c0000)
 tenured generation   total 260864K, used 36131K [0x00000000c1800000, 0x00000000d16c0000, 0x0000000100000000)
   the space 260864K,  13% used [0x00000000c1800000, 0x00000000c3b48da8, 0x00000000c3b48e00, 0x00000000d16c0000)
 Metaspace       used 40921K, capacity 41404K, committed 41704K, reserved 1085440K
  class space    used 5931K, capacity 6017K, committed 6120K, reserved 1048576K
}
Event: 11.220 GC heap before
{Heap before GC invocations=147 (full 2):
 def new generation   total 117504K, used 107025K [0x00000000a2400000, 0x00000000aa370000, 0x00000000c1800000)
  eden space 104512K, 100% used [0x00000000a2400000, 0x00000000a8a10000, 0x00000000a8a10000)
  from space 12992K,  19% used [0x00000000a96c0000, 0x00000000a99345e8, 0x00000000aa370000)
  to   space 12992K,   0% used [0x00000000a8a10000, 0x00000000a8a10000, 0x00000000a96c0000)
 tenured generation   total 260864K, used 36131K [0x00000000c1800000, 0x00000000d16c0000, 0x0000000100000000)
   the space 260864K,  13% used [0x00000000c1800000, 0x00000000c3b48da8, 0x00000000c3b48e00, 0x00000000d16c0000)
 Metaspace       used 42401K, capacity 42950K, committed 43240K, reserved 1085440K
  class space    used 6140K, capacity 6251K, committed 6376K, reserved 1048576K
Event: 11.236 GC heap after
Heap after GC invocations=148 (full 2):
 def new generation   total 117504K, used 6936K [0x00000000a2400000, 0x00000000aa370000, 0x00000000c1800000)
  eden space 104512K,   0% used [0x00000000a2400000, 0x00000000a2400000, 0x00000000a8a10000)
  from space 12992K,  53% used [0x00000000a8a10000, 0x00000000a90d6160, 0x00000000a96c0000)
  to   space 12992K,   0% used [0x00000000a96c0000, 0x00000000a96c0000, 0x00000000aa370000)
 tenured generation   total 260864K, used 36131K [0x00000000c1800000, 0x00000000d16c0000, 0x0000000100000000)
   the space 260864K,  13% used [0x00000000c1800000, 0x00000000c3b48da8, 0x00000000c3b48e00, 0x00000000d16c0000)
 Metaspace       used 42401K, capacity 42950K, committed 43240K, reserved 1085440K
  class space    used 6140K, capacity 6251K, committed 6376K, reserved 1048576K
}
Event: 11.552 GC heap before
{Heap before GC invocations=148 (full 2):
 def new generation   total 117504K, used 111448K [0x00000000a2400000, 0x00000000aa370000, 0x00000000c1800000)
  eden space 104512K, 100% used [0x00000000a2400000, 0x00000000a8a10000, 0x00000000a8a10000)
  from space 12992K,  53% used [0x00000000a8a10000, 0x00000000a90d6160, 0x00000000a96c0000)
  to   space 12992K,   0% used [0x00000000a96c0000, 0x00000000a96c0000, 0x00000000aa370000)
 tenured generation   total 260864K, used 36131K [0x00000000c1800000, 0x00000000d16c0000, 0x0000000100000000)
   the space 260864K,  13% used [0x00000000c1800000, 0x00000000c3b48da8, 0x00000000c3b48e00, 0x00000000d16c0000)
 Metaspace       used 42583K, capacity 43166K, committed 43496K, reserved 1087488K
  class space    used 6150K, capacity 6255K, committed 6376K, reserved 1048576K
Event: 11.563 GC heap after
Heap after GC invocations=149 (full 2):
 def new generation   total 117504K, used 5055K [0x00000000a2400000, 0x00000000aa370000, 0x00000000c1800000)
  eden space 104512K,   0% used [0x00000000a2400000, 0x00000000a2400000, 0x00000000a8a10000)
  from space 12992K,  38% used [0x00000000a96c0000, 0x00000000a9bafcc0, 0x00000000aa370000)
  to   space 12992K,   0% used [0x00000000a8a10000, 0x00000000a8a10000, 0x00000000a96c0000)
 tenured generation   total 260864K, used 36758K [0x00000000c1800000, 0x00000000d16c0000, 0x0000000100000000)
   the space 260864K,  14% used [0x00000000c1800000, 0x00000000c3be5bd8, 0x00000000c3be5c00, 0x00000000d16c0000)
 Metaspace       used 42583K, capacity 43166K, committed 43496K, reserved 1087488K
  class space    used 6150K, capacity 6255K, committed 6376K, reserved 1048576K
}
Event: 12.354 GC heap before
{Heap before GC invocations=149 (full 2):
 def new generation   total 117504K, used 109567K [0x00000000a2400000, 0x00000000aa370000, 0x00000000c1800000)
  eden space 104512K, 100% used [0x00000000a2400000, 0x00000000a8a10000, 0x00000000a8a10000)
  from space 12992K,  38% used [0x00000000a96c0000, 0x00000000a9bafcc0, 0x00000000aa370000)
  to   space 12992K,   0% used [0x00000000a8a10000, 0x00000000a8a10000, 0x00000000a96c0000)
 tenured generation   total 260864K, used 36758K [0x00000000c1800000, 0x00000000d16c0000, 0x0000000100000000)
   the space 260864K,  14% used [0x00000000c1800000, 0x00000000c3be5bd8, 0x00000000c3be5c00, 0x00000000d16c0000)
 Metaspace       used 43947K, capacity 44854K, committed 44904K, reserved 1087488K
  class space    used 6296K, capacity 6493K, committed 6504K, reserved 1048576K
Event: 12.374 GC heap after
Heap after GC invocations=150 (full 2):
 def new generation   total 117504K, used 7766K [0x00000000a2400000, 0x00000000aa370000, 0x00000000c1800000)
  eden space 104512K,   0% used [0x00000000a2400000, 0x00000000a2400000, 0x00000000a8a10000)
  from space 12992K,  59% used [0x00000000a8a10000, 0x00000000a91a5b80, 0x00000000a96c0000)
  to   space 12992K,   0% used [0x00000000a96c0000, 0x00000000a96c0000, 0x00000000aa370000)
 tenured generation   total 260864K, used 36758K [0x00000000c1800000, 0x00000000d16c0000, 0x0000000100000000)
   the space 260864K,  14% used [0x00000000c1800000, 0x00000000c3be5bd8, 0x00000000c3be5c00, 0x00000000d16c0000)
 Metaspace       used 43947K, capacity 44854K, committed 44904K, reserved 1087488K
  class space    used 6296K, capacity 6493K, committed 6504K, reserved 1048576K
}
Event: 465.507 GC heap before
{Heap before GC invocations=150 (full 2):
 def new generation   total 117504K, used 112278K [0x00000000a2400000, 0x00000000aa370000, 0x00000000c1800000)
  eden space 104512K, 100% used [0x00000000a2400000, 0x00000000a8a10000, 0x00000000a8a10000)
  from space 12992K,  59% used [0x00000000a8a10000, 0x00000000a91a5b80, 0x00000000a96c0000)
  to   space 12992K,   0% used [0x00000000a96c0000, 0x00000000a96c0000, 0x00000000aa370000)
 tenured generation   total 260864K, used 36758K [0x00000000c1800000, 0x00000000d16c0000, 0x0000000100000000)
   the space 260864K,  14% used [0x00000000c1800000, 0x00000000c3be5bd8, 0x00000000c3be5c00, 0x00000000d16c0000)
 Metaspace       used 45111K, capacity 45974K, committed 46056K, reserved 1089536K
  class space    used 6421K, capacity 6589K, committed 6632K, reserved 1048576K
Event: 465.528 GC heap after
Heap after GC invocations=151 (full 2):
 def new generation   total 117504K, used 11797K [0x00000000a2400000, 0x00000000aa370000, 0x00000000c1800000)
  eden space 104512K,   0% used [0x00000000a2400000, 0x00000000a2400000, 0x00000000a8a10000)
  from space 12992K,  90% used [0x00000000a96c0000, 0x00000000aa245738, 0x00000000aa370000)
  to   space 12992K,   0% used [0x00000000a8a10000, 0x00000000a8a10000, 0x00000000a96c0000)
 tenured generation   total 260864K, used 38076K [0x00000000c1800000, 0x00000000d16c0000, 0x0000000100000000)
   the space 260864K,  14% used [0x00000000c1800000, 0x00000000c3d2f208, 0x00000000c3d2f400, 0x00000000d16c0000)
 Metaspace       used 45111K, capacity 45974K, committed 46056K, reserved 1089536K
  class space    used 6421K, capacity 6589K, committed 6632K, reserved 1048576K
}

