# JRE version: Java(TM) SE Runtime Environment (8.0_05-b13) (build 1.8.0_05-b13)
# Java VM: Java HotSpot(TM) 64-Bit Server VM (25.5-b02 mixed mode windows-amd64 compressed oops)
Heap:
 def new generation   total 117504K, used 24101K [0x00000000a2400000, 0x00000000aa370000, 0x00000000c1800000)
  eden space 104512K,  15% used [0x00000000a2400000, 0x00000000a33ac4f8, 0x00000000a8a10000)
  from space 12992K,  61% used [0x00000000a8a10000, 0x00000000a91ed1e0, 0x00000000a96c0000)
  to   space 12992K,   0% used [0x00000000a96c0000, 0x00000000a96c0000, 0x00000000aa370000)
 tenured generation   total 260864K, used 34930K [0x00000000c1800000, 0x00000000d16c0000, 0x0000000100000000)
   the space 260864K,  13% used [0x00000000c1800000, 0x00000000c3a1c940, 0x00000000c3a1ca00, 0x00000000d16c0000)
 Metaspace       used 42646K, capacity 43240K, committed 43520K, reserved 1087488K
  class space    used 6211K, capacity 6348K, committed 6400K, reserved 1048576K
GC Heap History (10 events):
Event: 8.296 GC heap before
{Heap before GC invocations=156 (full 2):
 def new generation   total 117504K, used 113172K [0x00000000a2400000, 0x00000000aa370000, 0x00000000c1800000)
  eden space 104512K, 100% used [0x00000000a2400000, 0x00000000a8a10000, 0x00000000a8a10000)
  from space 12992K,  66% used [0x00000000a96c0000, 0x00000000a9f352f8, 0x00000000aa370000)
  to   space 12992K,   0% used [0x00000000a8a10000, 0x00000000a8a10000, 0x00000000a96c0000)
 tenured generation   total 260864K, used 34538K [0x00000000c1800000, 0x00000000d16c0000, 0x0000000100000000)
   the space 260864K,  13% used [0x00000000c1800000, 0x00000000c39baaa8, 0x00000000c39bac00, 0x00000000d16c0000)
 Metaspace       used 37918K, capacity 38392K, committed 38656K, reserved 1083392K
  class space    used 5520K, capacity 5623K, committed 5632K, reserved 1048576K
Event: 8.320 GC heap after
Heap after GC invocations=157 (full 2):
 def new generation   total 117504K, used 8485K [0x00000000a2400000, 0x00000000aa370000, 0x00000000c1800000)
  eden space 104512K,   0% used [0x00000000a2400000, 0x00000000a2400000, 0x00000000a8a10000)
  from space 12992K,  65% used [0x00000000a8a10000, 0x00000000a9259498, 0x00000000a96c0000)
  to   space 12992K,   0% used [0x00000000a96c0000, 0x00000000a96c0000, 0x00000000aa370000)
 tenured generation   total 260864K, used 34781K [0x00000000c1800000, 0x00000000d16c0000, 0x0000000100000000)
   the space 260864K,  13% used [0x00000000c1800000, 0x00000000c39f7730, 0x00000000c39f7800, 0x00000000d16c0000)
 Metaspace       used 37918K, capacity 38392K, committed 38656K, reserved 1083392K
  class space    used 5520K, capacity 5623K, committed 5632K, reserved 1048576K
}
Event: 8.639 GC heap before
{Heap before GC invocations=157 (full 2):
 def new generation   total 117504K, used 112997K [0x00000000a2400000, 0x00000000aa370000, 0x00000000c1800000)
  eden space 104512K, 100% used [0x00000000a2400000, 0x00000000a8a10000, 0x00000000a8a10000)
  from space 12992K,  65% used [0x00000000a8a10000, 0x00000000a9259498, 0x00000000a96c0000)
  to   space 12992K,   0% used [0x00000000a96c0000, 0x00000000a96c0000, 0x00000000aa370000)
 tenured generation   total 260864K, used 34781K [0x00000000c1800000, 0x00000000d16c0000, 0x0000000100000000)
   the space 260864K,  13% used [0x00000000c1800000, 0x00000000c39f7730, 0x00000000c39f7800, 0x00000000d16c0000)
 Metaspace       used 38640K, capacity 39190K, committed 39296K, reserved 1083392K
  class space    used 5630K, capacity 5756K, committed 5760K, reserved 1048576K
Event: 8.645 GC heap after
Heap after GC invocations=158 (full 2):
 def new generation   total 117504K, used 1396K [0x00000000a2400000, 0x00000000aa370000, 0x00000000c1800000)
  eden space 104512K,   0% used [0x00000000a2400000, 0x00000000a2400000, 0x00000000a8a10000)
  from space 12992K,  10% used [0x00000000a96c0000, 0x00000000a981d0f8, 0x00000000aa370000)
  to   space 12992K,   0% used [0x00000000a8a10000, 0x00000000a8a10000, 0x00000000a96c0000)
 tenured generation   total 260864K, used 34930K [0x00000000c1800000, 0x00000000d16c0000, 0x0000000100000000)
   the space 260864K,  13% used [0x00000000c1800000, 0x00000000c3a1c940, 0x00000000c3a1ca00, 0x00000000d16c0000)
 Metaspace       used 38640K, capacity 39190K, committed 39296K, reserved 1083392K
  class space    used 5630K, capacity 5756K, committed 5760K, reserved 1048576K
}
Event: 8.982 GC heap before
{Heap before GC invocations=158 (full 2):
 def new generation   total 117504K, used 105908K [0x00000000a2400000, 0x00000000aa370000, 0x00000000c1800000)
  eden space 104512K, 100% used [0x00000000a2400000, 0x00000000a8a10000, 0x00000000a8a10000)
  from space 12992K,  10% used [0x00000000a96c0000, 0x00000000a981d0f8, 0x00000000aa370000)
  to   space 12992K,   0% used [0x00000000a8a10000, 0x00000000a8a10000, 0x00000000a96c0000)
 tenured generation   total 260864K, used 34930K [0x00000000c1800000, 0x00000000d16c0000, 0x0000000100000000)
   the space 260864K,  13% used [0x00000000c1800000, 0x00000000c3a1c940, 0x00000000c3a1ca00, 0x00000000d16c0000)
 Metaspace       used 38868K, capacity 39356K, committed 39680K, reserved 1083392K
  class space    used 5668K, capacity 5789K, committed 5888K, reserved 1048576K
Event: 8.987 GC heap after
Heap after GC invocations=159 (full 2):
 def new generation   total 117504K, used 1315K [0x00000000a2400000, 0x00000000aa370000, 0x00000000c1800000)
  eden space 104512K,   0% used [0x00000000a2400000, 0x00000000a2400000, 0x00000000a8a10000)
  from space 12992K,  10% used [0x00000000a8a10000, 0x00000000a8b58c88, 0x00000000a96c0000)
  to   space 12992K,   0% used [0x00000000a96c0000, 0x00000000a96c0000, 0x00000000aa370000)
 tenured generation   total 260864K, used 34930K [0x00000000c1800000, 0x00000000d16c0000, 0x0000000100000000)
   the space 260864K,  13% used [0x00000000c1800000, 0x00000000c3a1c940, 0x00000000c3a1ca00, 0x00000000d16c0000)
 Metaspace       used 38868K, capacity 39356K, committed 39680K, reserved 1083392K
  class space    used 5668K, capacity 5789K, committed 5888K, reserved 1048576K
}
Event: 9.665 GC heap before
{Heap before GC invocations=159 (full 2):
 def new generation   total 117504K, used 105827K [0x00000000a2400000, 0x00000000aa370000, 0x00000000c1800000)
  eden space 104512K, 100% used [0x00000000a2400000, 0x00000000a8a10000, 0x00000000a8a10000)
  from space 12992K,  10% used [0x00000000a8a10000, 0x00000000a8b58c88, 0x00000000a96c0000)
  to   space 12992K,   0% used [0x00000000a96c0000, 0x00000000a96c0000, 0x00000000aa370000)
 tenured generation   total 260864K, used 34930K [0x00000000c1800000, 0x00000000d16c0000, 0x0000000100000000)
   the space 260864K,  13% used [0x00000000c1800000, 0x00000000c3a1c940, 0x00000000c3a1ca00, 0x00000000d16c0000)
 Metaspace       used 41546K, capacity 42054K, committed 42368K, reserved 1085440K
  class space    used 6033K, capacity 6151K, committed 6272K, reserved 1048576K
Event: 9.677 GC heap after
Heap after GC invocations=160 (full 2):
 def new generation   total 117504K, used 4436K [0x00000000a2400000, 0x00000000aa370000, 0x00000000c1800000)
  eden space 104512K,   0% used [0x00000000a2400000, 0x00000000a2400000, 0x00000000a8a10000)
  from space 12992K,  34% used [0x00000000a96c0000, 0x00000000a9b15040, 0x00000000aa370000)
  to   space 12992K,   0% used [0x00000000a8a10000, 0x00000000a8a10000, 0x00000000a96c0000)
 tenured generation   total 260864K, used 34930K [0x00000000c1800000, 0x00000000d16c0000, 0x0000000100000000)
   the space 260864K,  13% used [0x00000000c1800000, 0x00000000c3a1c940, 0x00000000c3a1ca00, 0x00000000d16c0000)
 Metaspace       used 41546K, capacity 42054K, committed 42368K, reserved 1085440K
  class space    used 6033K, capacity 6151K, committed 6272K, reserved 1048576K
}
Event: 10.570 GC heap before
{Heap before GC invocations=160 (full 2):
 def new generation   total 117504K, used 108948K [0x00000000a2400000, 0x00000000aa370000, 0x00000000c1800000)
  eden space 104512K, 100% used [0x00000000a2400000, 0x00000000a8a10000, 0x00000000a8a10000)
  from space 12992K,  34% used [0x00000000a96c0000, 0x00000000a9b15040, 0x00000000aa370000)
  to   space 12992K,   0% used [0x00000000a8a10000, 0x00000000a8a10000, 0x00000000a96c0000)
 tenured generation   total 260864K, used 34930K [0x00000000c1800000, 0x00000000d16c0000, 0x0000000100000000)
   the space 260864K,  13% used [0x00000000c1800000, 0x00000000c3a1c940, 0x00000000c3a1ca00, 0x00000000d16c0000)
 Metaspace       used 42009K, capacity 42590K, committed 42880K, reserved 1085440K
  class space    used 6094K, capacity 6219K, committed 6272K, reserved 1048576K
Event: 10.582 GC heap after
Heap after GC invocations=161 (full 2):
 def new generation   total 117504K, used 8052K [0x00000000a2400000, 0x00000000aa370000, 0x00000000c1800000)
  eden space 104512K,   0% used [0x00000000a2400000, 0x00000000a2400000, 0x00000000a8a10000)
  from space 12992K,  61% used [0x00000000a8a10000, 0x00000000a91ed1e0, 0x00000000a96c0000)
  to   space 12992K,   0% used [0x00000000a96c0000, 0x00000000a96c0000, 0x00000000aa370000)
 tenured generation   total 260864K, used 34930K [0x00000000c1800000, 0x00000000d16c0000, 0x0000000100000000)
   the space 260864K,  13% used [0x00000000c1800000, 0x00000000c3a1c940, 0x00000000c3a1ca00, 0x00000000d16c0000)
 Metaspace       used 42009K, capacity 42590K, committed 42880K, reserved 1085440K
  class space    used 6094K, capacity 6219K, committed 6272K, reserved 1048576K
}

