# JRE version: Java(TM) SE Runtime Environment (8.0_05-b13) (build 1.8.0_05-b13)
# Java VM: Java HotSpot(TM) 64-Bit Server VM (25.5-b02 mixed mode windows-amd64 compressed oops)
Heap:
 def new generation   total 117504K, used 102300K [0x00000000a2400000, 0x00000000aa370000, 0x00000000c1800000)
  eden space 104512K,  92% used [0x00000000a2400000, 0x00000000a8260a38, 0x00000000a8a10000)
  from space 12992K,  43% used [0x00000000a8a10000, 0x00000000a8f965f8, 0x00000000a96c0000)
  to   space 12992K,   0% used [0x00000000a96c0000, 0x00000000a96c0000, 0x00000000aa370000)
 tenured generation   total 260864K, used 67436K [0x00000000c1800000, 0x00000000d16c0000, 0x0000000100000000)
   the space 260864K,  25% used [0x00000000c1800000, 0x00000000c59db340, 0x00000000c59db400, 0x00000000d16c0000)
 Metaspace       used 48208K, capacity 49098K, committed 49388K, reserved 1091584K
  class space    used 6866K, capacity 7021K, committed 7148K, reserved 1048576K
GC Heap History (10 events):
Event: 205.250 GC heap before
{Heap before GC invocations=151 (full 2):
 def new generation   total 117504K, used 116053K [0x00000000a2400000, 0x00000000aa370000, 0x00000000c1800000)
  eden space 104512K,  99% used [0x00000000a2400000, 0x00000000a89c6800, 0x00000000a8a10000)
  from space 12992K,  91% used [0x00000000a96c0000, 0x00000000aa24eed8, 0x00000000aa370000)
  to   space 12992K,   0% used [0x00000000a8a10000, 0x00000000a8a10000, 0x00000000a96c0000)
 tenured generation   total 260864K, used 38019K [0x00000000c1800000, 0x00000000d16c0000, 0x0000000100000000)
   the space 260864K,  14% used [0x00000000c1800000, 0x00000000c3d20e78, 0x00000000c3d21000, 0x00000000d16c0000)
 Metaspace       used 45912K, capacity 46776K, committed 46956K, reserved 1089536K
  class space    used 6481K, capacity 6658K, committed 6764K, reserved 1048576K
Event: 205.273 GC heap after
Heap after GC invocations=152 (full 2):
 def new generation   total 117504K, used 8121K [0x00000000a2400000, 0x00000000aa370000, 0x00000000c1800000)
  eden space 104512K,   0% used [0x00000000a2400000, 0x00000000a2400000, 0x00000000a8a10000)
  from space 12992K,  62% used [0x00000000a8a10000, 0x00000000a91fe5e0, 0x00000000a96c0000)
  to   space 12992K,   0% used [0x00000000a96c0000, 0x00000000a96c0000, 0x00000000aa370000)
 tenured generation   total 260864K, used 47190K [0x00000000c1800000, 0x00000000d16c0000, 0x0000000100000000)
   the space 260864K,  18% used [0x00000000c1800000, 0x00000000c4615bb8, 0x00000000c4615c00, 0x00000000d16c0000)
 Metaspace       used 45912K, capacity 46776K, committed 46956K, reserved 1089536K
  class space    used 6481K, capacity 6658K, committed 6764K, reserved 1048576K
}
Event: 286.459 GC heap before
{Heap before GC invocations=152 (full 2):
 def new generation   total 117504K, used 112633K [0x00000000a2400000, 0x00000000aa370000, 0x00000000c1800000)
  eden space 104512K, 100% used [0x00000000a2400000, 0x00000000a8a10000, 0x00000000a8a10000)
  from space 12992K,  62% used [0x00000000a8a10000, 0x00000000a91fe5e0, 0x00000000a96c0000)
  to   space 12992K,   0% used [0x00000000a96c0000, 0x00000000a96c0000, 0x00000000aa370000)
 tenured generation   total 260864K, used 47190K [0x00000000c1800000, 0x00000000d16c0000, 0x0000000100000000)
   the space 260864K,  18% used [0x00000000c1800000, 0x00000000c4615bb8, 0x00000000c4615c00, 0x00000000d16c0000)
 Metaspace       used 46211K, capacity 47044K, committed 47212K, reserved 1089536K
  class space    used 6492K, capacity 6660K, committed 6764K, reserved 1048576K
Event: 286.472 GC heap after
Heap after GC invocations=153 (full 2):
 def new generation   total 117504K, used 4241K [0x00000000a2400000, 0x00000000aa370000, 0x00000000c1800000)
  eden space 104512K,   0% used [0x00000000a2400000, 0x00000000a2400000, 0x00000000a8a10000)
  from space 12992K,  32% used [0x00000000a96c0000, 0x00000000a9ae4610, 0x00000000aa370000)
  to   space 12992K,   0% used [0x00000000a8a10000, 0x00000000a8a10000, 0x00000000a96c0000)
 tenured generation   total 260864K, used 49278K [0x00000000c1800000, 0x00000000d16c0000, 0x0000000100000000)
   the space 260864K,  18% used [0x00000000c1800000, 0x00000000c481faf0, 0x00000000c481fc00, 0x00000000d16c0000)
 Metaspace       used 46211K, capacity 47044K, committed 47212K, reserved 1089536K
  class space    used 6492K, capacity 6660K, committed 6764K, reserved 1048576K
}
Event: 344.764 GC heap before
{Heap before GC invocations=153 (full 2):
 def new generation   total 117504K, used 108753K [0x00000000a2400000, 0x00000000aa370000, 0x00000000c1800000)
  eden space 104512K, 100% used [0x00000000a2400000, 0x00000000a8a10000, 0x00000000a8a10000)
  from space 12992K,  32% used [0x00000000a96c0000, 0x00000000a9ae4610, 0x00000000aa370000)
  to   space 12992K,   0% used [0x00000000a8a10000, 0x00000000a8a10000, 0x00000000a96c0000)
 tenured generation   total 260864K, used 49278K [0x00000000c1800000, 0x00000000d16c0000, 0x0000000100000000)
   the space 260864K,  18% used [0x00000000c1800000, 0x00000000c481faf0, 0x00000000c481fc00, 0x00000000d16c0000)
 Metaspace       used 46336K, capacity 47242K, committed 47468K, reserved 1089536K
  class space    used 6496K, capacity 6661K, committed 6764K, reserved 1048576K
Event: 344.772 GC heap after
Heap after GC invocations=154 (full 2):
 def new generation   total 117504K, used 6444K [0x00000000a2400000, 0x00000000aa370000, 0x00000000c1800000)
  eden space 104512K,   0% used [0x00000000a2400000, 0x00000000a2400000, 0x00000000a8a10000)
  from space 12992K,  49% used [0x00000000a8a10000, 0x00000000a905b320, 0x00000000a96c0000)
  to   space 12992K,   0% used [0x00000000a96c0000, 0x00000000a96c0000, 0x00000000aa370000)
 tenured generation   total 260864K, used 49278K [0x00000000c1800000, 0x00000000d16c0000, 0x0000000100000000)
   the space 260864K,  18% used [0x00000000c1800000, 0x00000000c481faf0, 0x00000000c481fc00, 0x00000000d16c0000)
 Metaspace       used 46336K, capacity 47242K, committed 47468K, reserved 1089536K
  class space    used 6496K, capacity 6661K, committed 6764K, reserved 1048576K
}
Event: 402.678 GC heap before
{Heap before GC invocations=154 (full 2):
 def new generation   total 117504K, used 110956K [0x00000000a2400000, 0x00000000aa370000, 0x00000000c1800000)
  eden space 104512K, 100% used [0x00000000a2400000, 0x00000000a8a10000, 0x00000000a8a10000)
  from space 12992K,  49% used [0x00000000a8a10000, 0x00000000a905b320, 0x00000000a96c0000)
  to   space 12992K,   0% used [0x00000000a96c0000, 0x00000000a96c0000, 0x00000000aa370000)
 tenured generation   total 260864K, used 49278K [0x00000000c1800000, 0x00000000d16c0000, 0x0000000100000000)
   the space 260864K,  18% used [0x00000000c1800000, 0x00000000c481faf0, 0x00000000c481fc00, 0x00000000d16c0000)
 Metaspace       used 46538K, capacity 47472K, committed 47724K, reserved 1089536K
  class space    used 6515K, capacity 6694K, committed 6764K, reserved 1048576K
Event: 402.702 GC heap after
Heap after GC invocations=155 (full 2):
 def new generation   total 117504K, used 5329K [0x00000000a2400000, 0x00000000aa370000, 0x00000000c1800000)
  eden space 104512K,   0% used [0x00000000a2400000, 0x00000000a2400000, 0x00000000a8a10000)
  from space 12992K,  41% used [0x00000000a96c0000, 0x00000000a9bf4610, 0x00000000aa370000)
  to   space 12992K,   0% used [0x00000000a8a10000, 0x00000000a8a10000, 0x00000000a96c0000)
 tenured generation   total 260864K, used 67436K [0x00000000c1800000, 0x00000000d16c0000, 0x0000000100000000)
   the space 260864K,  25% used [0x00000000c1800000, 0x00000000c59db340, 0x00000000c59db400, 0x00000000d16c0000)
 Metaspace       used 46538K, capacity 47472K, committed 47724K, reserved 1089536K
  class space    used 6515K, capacity 6694K, committed 6764K, reserved 1048576K
}
Event: 443.471 GC heap before
{Heap before GC invocations=155 (full 2):
 def new generation   total 117504K, used 109841K [0x00000000a2400000, 0x00000000aa370000, 0x00000000c1800000)
  eden space 104512K, 100% used [0x00000000a2400000, 0x00000000a8a10000, 0x00000000a8a10000)
  from space 12992K,  41% used [0x00000000a96c0000, 0x00000000a9bf4610, 0x00000000aa370000)
  to   space 12992K,   0% used [0x00000000a8a10000, 0x00000000a8a10000, 0x00000000a96c0000)
 tenured generation   total 260864K, used 67436K [0x00000000c1800000, 0x00000000d16c0000, 0x0000000100000000)
   the space 260864K,  25% used [0x00000000c1800000, 0x00000000c59db340, 0x00000000c59db400, 0x00000000d16c0000)
 Metaspace       used 46631K, capacity 47536K, committed 47724K, reserved 1089536K
  class space    used 6517K, capacity 6694K, committed 6764K, reserved 1048576K
Event: 443.484 GC heap after
Heap after GC invocations=156 (full 2):
 def new generation   total 117504K, used 5657K [0x00000000a2400000, 0x00000000aa370000, 0x00000000c1800000)
  eden space 104512K,   0% used [0x00000000a2400000, 0x00000000a2400000, 0x00000000a8a10000)
  from space 12992K,  43% used [0x00000000a8a10000, 0x00000000a8f965f8, 0x00000000a96c0000)
  to   space 12992K,   0% used [0x00000000a96c0000, 0x00000000a96c0000, 0x00000000aa370000)
 tenured generation   total 260864K, used 67436K [0x00000000c1800000, 0x00000000d16c0000, 0x0000000100000000)
   the space 260864K,  25% used [0x00000000c1800000, 0x00000000c59db340, 0x00000000c59db400, 0x00000000d16c0000)
 Metaspace       used 46631K, capacity 47536K, committed 47724K, reserved 1089536K
  class space    used 6517K, capacity 6694K, committed 6764K, reserved 1048576K
}

